Using pre-set license
Built from '2022.3/staging' branch; Version is '2022.3.14f1 (eff2de9070d8) revision 15725278'; Using compiler version '192829333'; Build Type 'Release'
OS: 'Windows 11  (10.0.22631) 64bit Core' Language: 'ko' Physical Memory: 16049 MB
BatchMode: 1, IsHumanControllingUs: 0, StartBugReporterOnCrash: 0, Is64bit: 1, IsPro: 1

COMMAND LINE ARGUMENTS:
C:\Program Files\Unity\Hub\Editor\2022.3.14f1\Editor\Unity.exe
-adb2
-batchMode
-noUpm
-name
AssetImportWorker1
-projectPath
E:/Unity/Puzzle/NewNewProject
-logFile
Logs/AssetImportWorker1.log
-srvPort
50581
Successfully changed project path to: E:/Unity/Puzzle/NewNewProject
E:/Unity/Puzzle/NewNewProject
[UnityMemory] Configuration Parameters - Can be set up in boot.config
    "memorysetup-bucket-allocator-granularity=16"
    "memorysetup-bucket-allocator-bucket-count=8"
    "memorysetup-bucket-allocator-block-size=33554432"
    "memorysetup-bucket-allocator-block-count=8"
    "memorysetup-main-allocator-block-size=16777216"
    "memorysetup-thread-allocator-block-size=16777216"
    "memorysetup-gfx-main-allocator-block-size=16777216"
    "memorysetup-gfx-thread-allocator-block-size=16777216"
    "memorysetup-cache-allocator-block-size=4194304"
    "memorysetup-typetree-allocator-block-size=2097152"
    "memorysetup-profiler-bucket-allocator-granularity=16"
    "memorysetup-profiler-bucket-allocator-bucket-count=8"
    "memorysetup-profiler-bucket-allocator-block-size=33554432"
    "memorysetup-profiler-bucket-allocator-block-count=8"
    "memorysetup-profiler-allocator-block-size=16777216"
    "memorysetup-profiler-editor-allocator-block-size=1048576"
    "memorysetup-temp-allocator-size-main=16777216"
    "memorysetup-job-temp-allocator-block-size=2097152"
    "memorysetup-job-temp-allocator-block-size-background=1048576"
    "memorysetup-job-temp-allocator-reduction-small-platforms=262144"
    "memorysetup-allocator-temp-initial-block-size-main=262144"
    "memorysetup-allocator-temp-initial-block-size-worker=262144"
    "memorysetup-temp-allocator-size-background-worker=32768"
    "memorysetup-temp-allocator-size-job-worker=262144"
    "memorysetup-temp-allocator-size-preload-manager=33554432"
    "memorysetup-temp-allocator-size-nav-mesh-worker=65536"
    "memorysetup-temp-allocator-size-audio-worker=65536"
    "memorysetup-temp-allocator-size-cloud-worker=32768"
    "memorysetup-temp-allocator-size-gi-baking-worker=262144"
    "memorysetup-temp-allocator-size-gfx=262144"
Player connection [3888] Host "[IP] 222.118.77.185 [Port] 0 [Flags] 2 [Guid] 2377086069 [EditorId] 2377086069 [Version] 1048832 [Id] WindowsEditor(7,DESKTOP-659L0DJ) [Debug] 1 [PackageName] WindowsEditor [ProjectName] Editor" joined multi-casting on [225.0.0.222:54997]...

Player connection [3888] Host "[IP] 222.118.77.185 [Port] 0 [Flags] 2 [Guid] 2377086069 [EditorId] 2377086069 [Version] 1048832 [Id] WindowsEditor(7,DESKTOP-659L0DJ) [Debug] 1 [PackageName] WindowsEditor [ProjectName] Editor" joined alternative multi-casting on [225.0.0.222:34997]...

[Physics::Module] Initialized MultithreadedJobDispatcher with 19 workers.
Refreshing native plugins compatible for Editor in 4.73 ms, found 1 plugins.
Preloading 0 native plugins for Editor in 0.00 ms.
Initialize engine version: 2022.3.14f1 (eff2de9070d8)
[Subsystems] Discovering subsystems at path C:/Program Files/Unity/Hub/Editor/2022.3.14f1/Editor/Data/Resources/UnitySubsystems
[Subsystems] Discovering subsystems at path E:/Unity/Puzzle/NewNewProject/Assets
GfxDevice: creating device client; threaded=0; jobified=0
Direct3D:
    Version:  Direct3D 11.0 [level 11.1]
    Renderer: NVIDIA GeForce RTX 3060 Laptop GPU (ID=0x2520)
    Vendor:   NVIDIA
    VRAM:     5996 MB
    Driver:   32.0.15.6109
Initialize mono
Mono path[0] = 'C:/Program Files/Unity/Hub/Editor/2022.3.14f1/Editor/Data/Managed'
Mono path[1] = 'C:/Program Files/Unity/Hub/Editor/2022.3.14f1/Editor/Data/MonoBleedingEdge/lib/mono/unityjit-win32'
Mono config path = 'C:/Program Files/Unity/Hub/Editor/2022.3.14f1/Editor/Data/MonoBleedingEdge/etc'
Using monoOptions --debugger-agent=transport=dt_socket,embedding=1,server=y,suspend=n,address=127.0.0.1:56388
Begin MonoManager ReloadAssembly
Registering precompiled unity dll's ...
Register platform support module: C:/Program Files/Unity/Hub/Editor/2022.3.14f1/Editor/Data/PlaybackEngines/WindowsStandaloneSupport/UnityEditor.WindowsStandalone.Extensions.dll
Registered in 0.007993 seconds.
- Loaded All Assemblies, in  0.374 seconds
Native extension for WindowsStandalone target not found
Mono: successfully reloaded assembly
- Finished resetting the current domain, in  0.216 seconds
Domain Reload Profiling: 589ms
	BeginReloadAssembly (133ms)
		ExecutionOrderSort (0ms)
		DisableScriptedObjects (0ms)
		BackupInstance (0ms)
		ReleaseScriptingObjects (0ms)
		CreateAndSetChildDomain (1ms)
	RebuildCommonClasses (30ms)
	RebuildNativeTypeToScriptingClass (8ms)
	initialDomainReloadingComplete (53ms)
	LoadAllAssembliesAndSetupDomain (149ms)
		LoadAssemblies (132ms)
		RebuildTransferFunctionScriptingTraits (0ms)
		AnalyzeDomain (146ms)
			TypeCache.Refresh (145ms)
				TypeCache.ScanAssembly (128ms)
			ScanForSourceGeneratedMonoScriptInfo (0ms)
			ResolveRequiredComponents (1ms)
	FinalizeReload (216ms)
		ReleaseScriptCaches (0ms)
		RebuildScriptCaches (0ms)
		SetupLoadedEditorAssemblies (166ms)
			LogAssemblyErrors (0ms)
			InitializePlatformSupportModulesInManaged (7ms)
			SetLoadedEditorAssemblies (6ms)
			RefreshPlugins (0ms)
			BeforeProcessingInitializeOnLoad (2ms)
			ProcessInitializeOnLoadAttributes (109ms)
			ProcessInitializeOnLoadMethodAttributes (42ms)
			AfterProcessingInitializeOnLoad (0ms)
			EditorAssembliesLoaded (0ms)
		ExecutionOrderSort2 (0ms)
		AwakeInstancesAfterBackupRestoration (0ms)
========================================================================
Worker process is ready to serve import requests
Begin MonoManager ReloadAssembly
- Loaded All Assemblies, in  0.481 seconds
Refreshing native plugins compatible for Editor in 1.56 ms, found 1 plugins.
Native extension for WindowsStandalone target not found
Mono: successfully reloaded assembly
- Finished resetting the current domain, in  0.362 seconds
Domain Reload Profiling: 843ms
	BeginReloadAssembly (124ms)
		ExecutionOrderSort (0ms)
		DisableScriptedObjects (4ms)
		BackupInstance (0ms)
		ReleaseScriptingObjects (0ms)
		CreateAndSetChildDomain (16ms)
	RebuildCommonClasses (27ms)
	RebuildNativeTypeToScriptingClass (8ms)
	initialDomainReloadingComplete (33ms)
	LoadAllAssembliesAndSetupDomain (289ms)
		LoadAssemblies (241ms)
		RebuildTransferFunctionScriptingTraits (0ms)
		AnalyzeDomain (122ms)
			TypeCache.Refresh (102ms)
				TypeCache.ScanAssembly (89ms)
			ScanForSourceGeneratedMonoScriptInfo (15ms)
			ResolveRequiredComponents (5ms)
	FinalizeReload (363ms)
		ReleaseScriptCaches (0ms)
		RebuildScriptCaches (0ms)
		SetupLoadedEditorAssemblies (248ms)
			LogAssemblyErrors (0ms)
			InitializePlatformSupportModulesInManaged (5ms)
			SetLoadedEditorAssemblies (3ms)
			RefreshPlugins (0ms)
			BeforeProcessingInitializeOnLoad (45ms)
			ProcessInitializeOnLoadAttributes (169ms)
			ProcessInitializeOnLoadMethodAttributes (19ms)
			AfterProcessingInitializeOnLoad (6ms)
			EditorAssembliesLoaded (0ms)
		ExecutionOrderSort2 (0ms)
		AwakeInstancesAfterBackupRestoration (6ms)
Launched and connected shader compiler UnityShaderCompiler.exe after 0.04 seconds
Refreshing native plugins compatible for Editor in 1.66 ms, found 1 plugins.
Preloading 0 native plugins for Editor in 0.00 ms.
Unloading 3083 Unused Serialized files (Serialized files now loaded: 0)
Unloading 33 unused Assets / (55.8 KB). Loaded Objects now: 3550.
Memory consumption went from 133.1 MB to 133.1 MB.
Total: 2.398400 ms (FindLiveObjects: 0.156500 ms CreateObjectMapping: 0.068400 ms MarkObjects: 2.095100 ms  DeleteObjects: 0.077700 ms)

AssetImportParameters requested are different than current active one (requested -> active):
  custom:container-demuxer-ogg: 62fdf1f143b41e24485cea50d1cbac27 -> 
  custom:video-codec-MediaFoundation-h265: 746d11721c4dcdbdad8f713fa42b33f4 -> 
  custom:video-decoder-ogg-theora: a1e56fd34408186e4bbccfd4996cb3dc -> 
  custom:framework-win-MediaFoundation: 216162199b28c13a410421893ffa2e32 -> 
  custom:container-demuxer-webm: 4f35f7cbe854078d1ac9338744f61a02 -> 
  custom:container-muxer-webm: aa71ff27fc2769a1b78a27578f13a17b -> 
  custom:video-decoder-webm-vp8: 9c59270c3fd7afecdb556c50c9e8de78 -> 
  custom:AudioImporter_EditorPlatform: d09bf68614088b80899f8185d706f6e7 -> 
  custom:video-encoder-webm-vp8: eb34c28f22e8b96e1ab97ce403110664 -> 
  custom:audio-decoder-ogg-vorbis: bf7c407c2cedff20999df2af8eb42d56 -> 
  custom:audio-encoder-webm-vorbis: bf7c407c2cedff20999df2af8eb42d56 -> 
========================================================================
Received Import Request.
  Time since last request: 274.595677 seconds.
  path: Assets/PQAssets/Query-Chan-SD/Models/SD_QUERY_02/Models
  artifactKey: Guid(11c227cc13efa4d8bab6ec58be4e4fdd) Importer(815301076,1909f56bfc062723c751e8b465ee728b)
Start importing Assets/PQAssets/Query-Chan-SD/Models/SD_QUERY_02/Models using Guid(11c227cc13efa4d8bab6ec58be4e4fdd) Importer(815301076,1909f56bfc062723c751e8b465ee728b)  -> (artifact id: 'de25a9b3e8cfe8c9c9ab7c85479aa00c') in 0.002014 seconds
Number of updated asset objects reloaded before import = 0
Number of asset objects unloaded after import = 0
========================================================================
Received Import Request.
  Time since last request: 0.000019 seconds.
  path: Assets/PQAssets/Query-Chan-SD/Models/SD_QUERY_02
  artifactKey: Guid(81fb8e27f8fc0f7458977035079f7b37) Importer(815301076,1909f56bfc062723c751e8b465ee728b)
Start importing Assets/PQAssets/Query-Chan-SD/Models/SD_QUERY_02 using Guid(81fb8e27f8fc0f7458977035079f7b37) Importer(815301076,1909f56bfc062723c751e8b465ee728b)  -> (artifact id: 'dfef999ec465ef42b51ce67a337399d7') in 0.000442 seconds
Number of updated asset objects reloaded before import = 0
Number of asset objects unloaded after import = 0
========================================================================
Received Prepare
Begin MonoManager ReloadAssembly
- Loaded All Assemblies, in  0.307 seconds
Refreshing native plugins compatible for Editor in 1.65 ms, found 1 plugins.
Native extension for WindowsStandalone target not found
Mono: successfully reloaded assembly
- Finished resetting the current domain, in  0.500 seconds
Domain Reload Profiling: 806ms
	BeginReloadAssembly (112ms)
		ExecutionOrderSort (0ms)
		DisableScriptedObjects (6ms)
		BackupInstance (0ms)
		ReleaseScriptingObjects (0ms)
		CreateAndSetChildDomain (21ms)
	RebuildCommonClasses (22ms)
	RebuildNativeTypeToScriptingClass (8ms)
	initialDomainReloadingComplete (20ms)
	LoadAllAssembliesAndSetupDomain (143ms)
		LoadAssemblies (193ms)
		RebuildTransferFunctionScriptingTraits (0ms)
		AnalyzeDomain (10ms)
			TypeCache.Refresh (4ms)
				TypeCache.ScanAssembly (0ms)
			ScanForSourceGeneratedMonoScriptInfo (0ms)
			ResolveRequiredComponents (5ms)
	FinalizeReload (501ms)
		ReleaseScriptCaches (0ms)
		RebuildScriptCaches (0ms)
		SetupLoadedEditorAssemblies (203ms)
			LogAssemblyErrors (0ms)
			InitializePlatformSupportModulesInManaged (5ms)
			SetLoadedEditorAssemblies (3ms)
			RefreshPlugins (0ms)
			BeforeProcessingInitializeOnLoad (50ms)
			ProcessInitializeOnLoadAttributes (122ms)
			ProcessInitializeOnLoadMethodAttributes (19ms)
			AfterProcessingInitializeOnLoad (5ms)
			EditorAssembliesLoaded (0ms)
		ExecutionOrderSort2 (0ms)
		AwakeInstancesAfterBackupRestoration (8ms)
Refreshing native plugins compatible for Editor in 1.80 ms, found 1 plugins.
Preloading 0 native plugins for Editor in 0.00 ms.
Unloading 3069 Unused Serialized files (Serialized files now loaded: 0)
Unloading 22 unused Assets / (30.1 KB). Loaded Objects now: 3554.
Memory consumption went from 132.0 MB to 132.0 MB.
Total: 2.308700 ms (FindLiveObjects: 0.240500 ms CreateObjectMapping: 0.102600 ms MarkObjects: 1.917300 ms  DeleteObjects: 0.047300 ms)

Prepare: number of updated asset objects reloaded= 0
AssetImportParameters requested are different than current active one (requested -> active):
  custom:container-demuxer-ogg: 62fdf1f143b41e24485cea50d1cbac27 -> 
  custom:video-codec-MediaFoundation-h265: 746d11721c4dcdbdad8f713fa42b33f4 -> 
  custom:video-decoder-ogg-theora: a1e56fd34408186e4bbccfd4996cb3dc -> 
  custom:framework-win-MediaFoundation: 216162199b28c13a410421893ffa2e32 -> 
  custom:CustomObjectIndexerAttribute: 756ad292c208cfabdd7b50bc23989ffe -> 
  custom:container-demuxer-webm: 4f35f7cbe854078d1ac9338744f61a02 -> 
  custom:container-muxer-webm: aa71ff27fc2769a1b78a27578f13a17b -> 
  custom:video-decoder-webm-vp8: 9c59270c3fd7afecdb556c50c9e8de78 -> 
  custom:SearchIndexIgnoredProperties: e643bd26f0fe6173181afceb89e7c659 -> 
  custom:AudioImporter_EditorPlatform: d09bf68614088b80899f8185d706f6e7 -> 
  custom:video-encoder-webm-vp8: eb34c28f22e8b96e1ab97ce403110664 -> 
  custom:audio-decoder-ogg-vorbis: bf7c407c2cedff20999df2af8eb42d56 -> 
  custom:audio-encoder-webm-vorbis: bf7c407c2cedff20999df2af8eb42d56 -> 
========================================================================
Received Prepare
Begin MonoManager ReloadAssembly
- Loaded All Assemblies, in  0.470 seconds
Refreshing native plugins compatible for Editor in 1.59 ms, found 1 plugins.
Native extension for WindowsStandalone target not found
Mono: successfully reloaded assembly
- Finished resetting the current domain, in  0.531 seconds
Domain Reload Profiling: 1000ms
	BeginReloadAssembly (134ms)
		ExecutionOrderSort (0ms)
		DisableScriptedObjects (4ms)
		BackupInstance (0ms)
		ReleaseScriptingObjects (0ms)
		CreateAndSetChildDomain (25ms)
	RebuildCommonClasses (25ms)
	RebuildNativeTypeToScriptingClass (8ms)
	initialDomainReloadingComplete (27ms)
	LoadAllAssembliesAndSetupDomain (275ms)
		LoadAssemblies (340ms)
		RebuildTransferFunctionScriptingTraits (0ms)
		AnalyzeDomain (10ms)
			TypeCache.Refresh (4ms)
				TypeCache.ScanAssembly (0ms)
			ScanForSourceGeneratedMonoScriptInfo (0ms)
			ResolveRequiredComponents (5ms)
	FinalizeReload (532ms)
		ReleaseScriptCaches (0ms)
		RebuildScriptCaches (0ms)
		SetupLoadedEditorAssemblies (234ms)
			LogAssemblyErrors (0ms)
			InitializePlatformSupportModulesInManaged (5ms)
			SetLoadedEditorAssemblies (3ms)
			RefreshPlugins (0ms)
			BeforeProcessingInitializeOnLoad (49ms)
			ProcessInitializeOnLoadAttributes (148ms)
			ProcessInitializeOnLoadMethodAttributes (23ms)
			AfterProcessingInitializeOnLoad (6ms)
			EditorAssembliesLoaded (0ms)
		ExecutionOrderSort2 (0ms)
		AwakeInstancesAfterBackupRestoration (7ms)
Refreshing native plugins compatible for Editor in 1.86 ms, found 1 plugins.
Preloading 0 native plugins for Editor in 0.00 ms.
Unloading 3070 Unused Serialized files (Serialized files now loaded: 0)
Unloading 22 unused Assets / (30.0 KB). Loaded Objects now: 3558.
Memory consumption went from 134.2 MB to 134.2 MB.
Total: 1.975700 ms (FindLiveObjects: 0.170000 ms CreateObjectMapping: 0.080000 ms MarkObjects: 1.690800 ms  DeleteObjects: 0.033900 ms)

Prepare: number of updated asset objects reloaded= 0
AssetImportParameters requested are different than current active one (requested -> active):
  custom:container-demuxer-ogg: 62fdf1f143b41e24485cea50d1cbac27 -> 
  custom:video-codec-MediaFoundation-h265: 746d11721c4dcdbdad8f713fa42b33f4 -> 
  custom:video-decoder-ogg-theora: a1e56fd34408186e4bbccfd4996cb3dc -> 
  custom:framework-win-MediaFoundation: 216162199b28c13a410421893ffa2e32 -> 
  custom:CustomObjectIndexerAttribute: 756ad292c208cfabdd7b50bc23989ffe -> 
  custom:container-demuxer-webm: 4f35f7cbe854078d1ac9338744f61a02 -> 
  custom:container-muxer-webm: aa71ff27fc2769a1b78a27578f13a17b -> 
  custom:video-decoder-webm-vp8: 9c59270c3fd7afecdb556c50c9e8de78 -> 
  custom:SearchIndexIgnoredProperties: e643bd26f0fe6173181afceb89e7c659 -> 
  custom:AudioImporter_EditorPlatform: d09bf68614088b80899f8185d706f6e7 -> 
  custom:video-encoder-webm-vp8: eb34c28f22e8b96e1ab97ce403110664 -> 
  custom:audio-decoder-ogg-vorbis: bf7c407c2cedff20999df2af8eb42d56 -> 
  custom:audio-encoder-webm-vorbis: bf7c407c2cedff20999df2af8eb42d56 -> 
========================================================================
Received Prepare
Begin MonoManager ReloadAssembly
- Loaded All Assemblies, in  0.476 seconds
Refreshing native plugins compatible for Editor in 3.63 ms, found 1 plugins.
Native extension for WindowsStandalone target not found
Mono: successfully reloaded assembly
- Finished resetting the current domain, in  0.793 seconds
Domain Reload Profiling: 1267ms
	BeginReloadAssembly (166ms)
		ExecutionOrderSort (0ms)
		DisableScriptedObjects (7ms)
		BackupInstance (0ms)
		ReleaseScriptingObjects (0ms)
		CreateAndSetChildDomain (26ms)
	RebuildCommonClasses (38ms)
	RebuildNativeTypeToScriptingClass (14ms)
	initialDomainReloadingComplete (36ms)
	LoadAllAssembliesAndSetupDomain (219ms)
		LoadAssemblies (295ms)
		RebuildTransferFunctionScriptingTraits (0ms)
		AnalyzeDomain (22ms)
			TypeCache.Refresh (9ms)
				TypeCache.ScanAssembly (1ms)
			ScanForSourceGeneratedMonoScriptInfo (7ms)
			ResolveRequiredComponents (6ms)
	FinalizeReload (794ms)
		ReleaseScriptCaches (0ms)
		RebuildScriptCaches (0ms)
		SetupLoadedEditorAssemblies (287ms)
			LogAssemblyErrors (0ms)
			InitializePlatformSupportModulesInManaged (8ms)
			SetLoadedEditorAssemblies (4ms)
			RefreshPlugins (0ms)
			BeforeProcessingInitializeOnLoad (71ms)
			ProcessInitializeOnLoadAttributes (180ms)
			ProcessInitializeOnLoadMethodAttributes (20ms)
			AfterProcessingInitializeOnLoad (4ms)
			EditorAssembliesLoaded (0ms)
		ExecutionOrderSort2 (0ms)
		AwakeInstancesAfterBackupRestoration (5ms)
Refreshing native plugins compatible for Editor in 3.44 ms, found 1 plugins.
Preloading 0 native plugins for Editor in 0.00 ms.
Unloading 3070 Unused Serialized files (Serialized files now loaded: 0)
Unloading 22 unused Assets / (30.0 KB). Loaded Objects now: 3562.
Memory consumption went from 136.2 MB to 136.2 MB.
Total: 2.440900 ms (FindLiveObjects: 0.268500 ms CreateObjectMapping: 0.099200 ms MarkObjects: 2.022400 ms  DeleteObjects: 0.049500 ms)

Prepare: number of updated asset objects reloaded= 0
AssetImportParameters requested are different than current active one (requested -> active):
  custom:container-demuxer-ogg: 62fdf1f143b41e24485cea50d1cbac27 -> 
  custom:video-codec-MediaFoundation-h265: 746d11721c4dcdbdad8f713fa42b33f4 -> 
  custom:video-decoder-ogg-theora: a1e56fd34408186e4bbccfd4996cb3dc -> 
  custom:framework-win-MediaFoundation: 216162199b28c13a410421893ffa2e32 -> 
  custom:CustomObjectIndexerAttribute: 756ad292c208cfabdd7b50bc23989ffe -> 
  custom:container-demuxer-webm: 4f35f7cbe854078d1ac9338744f61a02 -> 
  custom:container-muxer-webm: aa71ff27fc2769a1b78a27578f13a17b -> 
  custom:video-decoder-webm-vp8: 9c59270c3fd7afecdb556c50c9e8de78 -> 
  custom:SearchIndexIgnoredProperties: e643bd26f0fe6173181afceb89e7c659 -> 
  custom:AudioImporter_EditorPlatform: d09bf68614088b80899f8185d706f6e7 -> 
  custom:video-encoder-webm-vp8: eb34c28f22e8b96e1ab97ce403110664 -> 
  custom:audio-decoder-ogg-vorbis: bf7c407c2cedff20999df2af8eb42d56 -> 
  custom:audio-encoder-webm-vorbis: bf7c407c2cedff20999df2af8eb42d56 -> 
========================================================================
Received Prepare
Begin MonoManager ReloadAssembly
- Loaded All Assemblies, in  0.319 seconds
Refreshing native plugins compatible for Editor in 2.81 ms, found 1 plugins.
Native extension for WindowsStandalone target not found
Mono: successfully reloaded assembly
- Finished resetting the current domain, in  0.561 seconds
Domain Reload Profiling: 878ms
	BeginReloadAssembly (118ms)
		ExecutionOrderSort (0ms)
		DisableScriptedObjects (6ms)
		BackupInstance (0ms)
		ReleaseScriptingObjects (0ms)
		CreateAndSetChildDomain (22ms)
	RebuildCommonClasses (25ms)
	RebuildNativeTypeToScriptingClass (8ms)
	initialDomainReloadingComplete (21ms)
	LoadAllAssembliesAndSetupDomain (146ms)
		LoadAssemblies (196ms)
		RebuildTransferFunctionScriptingTraits (0ms)
		AnalyzeDomain (13ms)
			TypeCache.Refresh (5ms)
				TypeCache.ScanAssembly (0ms)
			ScanForSourceGeneratedMonoScriptInfo (0ms)
			ResolveRequiredComponents (7ms)
	FinalizeReload (561ms)
		ReleaseScriptCaches (0ms)
		RebuildScriptCaches (0ms)
		SetupLoadedEditorAssemblies (226ms)
			LogAssemblyErrors (0ms)
			InitializePlatformSupportModulesInManaged (5ms)
			SetLoadedEditorAssemblies (3ms)
			RefreshPlugins (0ms)
			BeforeProcessingInitializeOnLoad (52ms)
			ProcessInitializeOnLoadAttributes (138ms)
			ProcessInitializeOnLoadMethodAttributes (21ms)
			AfterProcessingInitializeOnLoad (6ms)
			EditorAssembliesLoaded (0ms)
		ExecutionOrderSort2 (0ms)
		AwakeInstancesAfterBackupRestoration (6ms)
Refreshing native plugins compatible for Editor in 2.97 ms, found 1 plugins.
Preloading 0 native plugins for Editor in 0.00 ms.
Unloading 3070 Unused Serialized files (Serialized files now loaded: 0)
Unloading 22 unused Assets / (30.0 KB). Loaded Objects now: 3566.
Memory consumption went from 138.1 MB to 138.1 MB.
Total: 2.260300 ms (FindLiveObjects: 0.218500 ms CreateObjectMapping: 0.116700 ms MarkObjects: 1.883300 ms  DeleteObjects: 0.040700 ms)

Prepare: number of updated asset objects reloaded= 0
AssetImportParameters requested are different than current active one (requested -> active):
  custom:container-demuxer-ogg: 62fdf1f143b41e24485cea50d1cbac27 -> 
  custom:video-codec-MediaFoundation-h265: 746d11721c4dcdbdad8f713fa42b33f4 -> 
  custom:video-decoder-ogg-theora: a1e56fd34408186e4bbccfd4996cb3dc -> 
  custom:framework-win-MediaFoundation: 216162199b28c13a410421893ffa2e32 -> 
  custom:CustomObjectIndexerAttribute: 756ad292c208cfabdd7b50bc23989ffe -> 
  custom:container-demuxer-webm: 4f35f7cbe854078d1ac9338744f61a02 -> 
  custom:container-muxer-webm: aa71ff27fc2769a1b78a27578f13a17b -> 
  custom:video-decoder-webm-vp8: 9c59270c3fd7afecdb556c50c9e8de78 -> 
  custom:SearchIndexIgnoredProperties: e643bd26f0fe6173181afceb89e7c659 -> 
  custom:AudioImporter_EditorPlatform: d09bf68614088b80899f8185d706f6e7 -> 
  custom:video-encoder-webm-vp8: eb34c28f22e8b96e1ab97ce403110664 -> 
  custom:audio-decoder-ogg-vorbis: bf7c407c2cedff20999df2af8eb42d56 -> 
  custom:audio-encoder-webm-vorbis: bf7c407c2cedff20999df2af8eb42d56 -> 
========================================================================
Received Import Request.
  Time since last request: 508.732470 seconds.
  path: Assets/PQAssets/Query-Chan-SD/Props/02_Fukuoka/Human/texture/tex_Human_Mail.tga
  artifactKey: Guid(40faeaacf6f803a419626e4459a0fdc3) Importer(815301076,1909f56bfc062723c751e8b465ee728b)
Start importing Assets/PQAssets/Query-Chan-SD/Props/02_Fukuoka/Human/texture/tex_Human_Mail.tga using Guid(40faeaacf6f803a419626e4459a0fdc3) Importer(815301076,1909f56bfc062723c751e8b465ee728b)  -> (artifact id: 'f2f871d6caf3ed445e8358e8295a4a74') in 0.056649 seconds
Number of updated asset objects reloaded before import = 0
Number of asset objects unloaded after import = 2
========================================================================
Received Import Request.
  Time since last request: 24.606837 seconds.
  path: Assets/PQAssets/Query-Chan-SD/Models/SD_QUERY_34_Shizuoka/Materials/Tex_Face_Defo_Shizuoka.mat
  artifactKey: Guid(e1634e12da195dd4b8cd6bd449c23bf0) Importer(815301076,1909f56bfc062723c751e8b465ee728b)
Start importing Assets/PQAssets/Query-Chan-SD/Models/SD_QUERY_34_Shizuoka/Materials/Tex_Face_Defo_Shizuoka.mat using Guid(e1634e12da195dd4b8cd6bd449c23bf0) Importer(815301076,1909f56bfc062723c751e8b465ee728b)  -> (artifact id: 'a0abc8c76f797deae86b5fb31c3bcc54') in 0.072485 seconds
Number of updated asset objects reloaded before import = 0
Number of asset objects unloaded after import = 2
========================================================================
Received Import Request.
  Time since last request: 1.506771 seconds.
  path: Assets/PQAssets/Query-Chan-SD/Models/SD_QUERY_34_Shizuoka/Textures/Tex_Face_Defo_Shizuoka.png
  artifactKey: Guid(bf868f5b4e6672844a7627dab837e71d) Importer(815301076,1909f56bfc062723c751e8b465ee728b)
Start importing Assets/PQAssets/Query-Chan-SD/Models/SD_QUERY_34_Shizuoka/Textures/Tex_Face_Defo_Shizuoka.png using Guid(bf868f5b4e6672844a7627dab837e71d) Importer(815301076,1909f56bfc062723c751e8b465ee728b)  -> (artifact id: '93bc6609c9da50f634ae6a6565c179af') in 0.019680 seconds
Number of updated asset objects reloaded before import = 0
Number of asset objects unloaded after import = 2
========================================================================
Received Import Request.
  Time since last request: 30.544028 seconds.
  path: Assets/SyntyStudios/PolygonAdventure/Models/SM_Bld_Fence_01_Snow.fbx
  artifactKey: Guid(9b5ae795ab2ed73419d0856d6be60ba7) Importer(815301076,1909f56bfc062723c751e8b465ee728b)
Start importing Assets/SyntyStudios/PolygonAdventure/Models/SM_Bld_Fence_01_Snow.fbx using Guid(9b5ae795ab2ed73419d0856d6be60ba7) Importer(815301076,1909f56bfc062723c751e8b465ee728b)  -> (artifact id: '83937b0b2a3327c10e6ccda03d67ead8') in 0.071989 seconds
Number of updated asset objects reloaded before import = 0
Number of asset objects unloaded after import = 7
========================================================================
Received Import Request.
  Time since last request: 0.000018 seconds.
  path: Assets/SyntyStudios/PolygonAdventure/Models/SM_Bld_Market_Snow_01.fbx
  artifactKey: Guid(b71215d163f7b2e43a5a7d2a8bb824f7) Importer(815301076,1909f56bfc062723c751e8b465ee728b)
Start importing Assets/SyntyStudios/PolygonAdventure/Models/SM_Bld_Market_Snow_01.fbx using Guid(b71215d163f7b2e43a5a7d2a8bb824f7) Importer(815301076,1909f56bfc062723c751e8b465ee728b)  -> (artifact id: '82642a00ffb7ce1bf533bab6d4b788c4') in 0.021336 seconds
Number of updated asset objects reloaded before import = 0
Number of asset objects unloaded after import = 7
========================================================================
Received Import Request.
  Time since last request: 0.000013 seconds.
  path: Assets/SyntyStudios/PolygonAdventure/Models/SM_Bld_Stall_02.fbx
  artifactKey: Guid(89012421e14f7114c8f0c08864e3c4da) Importer(815301076,1909f56bfc062723c751e8b465ee728b)
Start importing Assets/SyntyStudios/PolygonAdventure/Models/SM_Bld_Stall_02.fbx using Guid(89012421e14f7114c8f0c08864e3c4da) Importer(815301076,1909f56bfc062723c751e8b465ee728b)  -> (artifact id: 'df596e344aa41e1efdc17c6a267cbd83') in 0.017482 seconds
Number of updated asset objects reloaded before import = 0
Number of asset objects unloaded after import = 7
========================================================================
Received Import Request.
  Time since last request: 0.000178 seconds.
  path: Assets/SyntyStudios/PolygonAdventure/Models/SM_Bld_Fence_02_Snow.fbx
  artifactKey: Guid(cb09e6efbb00cd546817bc7660018c2e) Importer(815301076,1909f56bfc062723c751e8b465ee728b)
Start importing Assets/SyntyStudios/PolygonAdventure/Models/SM_Bld_Fence_02_Snow.fbx using Guid(cb09e6efbb00cd546817bc7660018c2e) Importer(815301076,1909f56bfc062723c751e8b465ee728b)  -> (artifact id: '6c6543d1eaca885d2f774e4b6dc3b454') in 0.011837 seconds
Number of updated asset objects reloaded before import = 0
Number of asset objects unloaded after import = 7
========================================================================
Received Import Request.
  Time since last request: 0.000086 seconds.
  path: Assets/SyntyStudios/PolygonAdventure/Models/SM_Bld_Stall_03.fbx
  artifactKey: Guid(6594d25f8f1fd9840ad606d7598e68c7) Importer(815301076,1909f56bfc062723c751e8b465ee728b)
Start importing Assets/SyntyStudios/PolygonAdventure/Models/SM_Bld_Stall_03.fbx using Guid(6594d25f8f1fd9840ad606d7598e68c7) Importer(815301076,1909f56bfc062723c751e8b465ee728b)  -> (artifact id: '9cba06c46f399f1e3e0b88af31c1dace') in 0.019857 seconds
Number of updated asset objects reloaded before import = 0
Number of asset objects unloaded after import = 7
========================================================================
Received Import Request.
  Time since last request: 0.000292 seconds.
  path: Assets/SyntyStudios/PolygonAdventure/Models/SM_Bld_Village_07.fbx
  artifactKey: Guid(a4cb7f4997366e447aa09e2d2384a609) Importer(815301076,1909f56bfc062723c751e8b465ee728b)
Start importing Assets/SyntyStudios/PolygonAdventure/Models/SM_Bld_Village_07.fbx using Guid(a4cb7f4997366e447aa09e2d2384a609) Importer(815301076,1909f56bfc062723c751e8b465ee728b)  -> (artifact id: 'f00685ec29f4100ec361c3d47b2667c8') in 0.019650 seconds
Number of updated asset objects reloaded before import = 0
Number of asset objects unloaded after import = 7
========================================================================
Received Import Request.
  Time since last request: 0.000173 seconds.
  path: Assets/SyntyStudios/PolygonAdventure/Models/SM_Bld_Village_HangingCloth_01.fbx
  artifactKey: Guid(0a2e8064d61133745ab1d332d571db75) Importer(815301076,1909f56bfc062723c751e8b465ee728b)
Start importing Assets/SyntyStudios/PolygonAdventure/Models/SM_Bld_Village_HangingCloth_01.fbx using Guid(0a2e8064d61133745ab1d332d571db75) Importer(815301076,1909f56bfc062723c751e8b465ee728b)  -> (artifact id: '59967dd2a71b31778c9c749b2911d777') in 0.014775 seconds
Number of updated asset objects reloaded before import = 0
Number of asset objects unloaded after import = 7
========================================================================
Received Import Request.
  Time since last request: 0.000181 seconds.
  path: Assets/SyntyStudios/PolygonAdventure/Models/SM_Bld_Wall_01.fbx
  artifactKey: Guid(66c4eae16ef0ca747959069d54e0ccc6) Importer(815301076,1909f56bfc062723c751e8b465ee728b)
Start importing Assets/SyntyStudios/PolygonAdventure/Models/SM_Bld_Wall_01.fbx using Guid(66c4eae16ef0ca747959069d54e0ccc6) Importer(815301076,1909f56bfc062723c751e8b465ee728b)  -> (artifact id: '29aae56d7f069ce479f164b96b924d94') in 0.018067 seconds
Number of updated asset objects reloaded before import = 0
Number of asset objects unloaded after import = 7
========================================================================
Received Import Request.
  Time since last request: 0.000015 seconds.
  path: Assets/SyntyStudios/PolygonAdventure/Models/SM_Bld_Well_01.fbx
  artifactKey: Guid(8209338d88fe4fb449628751477500c8) Importer(815301076,1909f56bfc062723c751e8b465ee728b)
Start importing Assets/SyntyStudios/PolygonAdventure/Models/SM_Bld_Well_01.fbx using Guid(8209338d88fe4fb449628751477500c8) Importer(815301076,1909f56bfc062723c751e8b465ee728b)  -> (artifact id: 'e78404c9b59c72858962971a8db763e6') in 0.014955 seconds
Number of updated asset objects reloaded before import = 0
Number of asset objects unloaded after import = 7
========================================================================
Received Import Request.
  Time since last request: 0.000027 seconds.
  path: Assets/SyntyStudios/PolygonAdventure/Models/SM_Env_Bush_03.fbx
  artifactKey: Guid(e5297133d4f53914995544ef65c95b32) Importer(815301076,1909f56bfc062723c751e8b465ee728b)
Start importing Assets/SyntyStudios/PolygonAdventure/Models/SM_Env_Bush_03.fbx using Guid(e5297133d4f53914995544ef65c95b32) Importer(815301076,1909f56bfc062723c751e8b465ee728b)  -> (artifact id: 'c1555e09e5b69b48a64e25da3218d1e8') in 0.017055 seconds
Number of updated asset objects reloaded before import = 0
Number of asset objects unloaded after import = 7
========================================================================
Received Import Request.
  Time since last request: 0.000014 seconds.
  path: Assets/SyntyStudios/PolygonAdventure/Models/SM_Env_Cloud_01.fbx
  artifactKey: Guid(c6ec18117b2cb2044b0bfd4c655ed379) Importer(815301076,1909f56bfc062723c751e8b465ee728b)
Start importing Assets/SyntyStudios/PolygonAdventure/Models/SM_Env_Cloud_01.fbx using Guid(c6ec18117b2cb2044b0bfd4c655ed379) Importer(815301076,1909f56bfc062723c751e8b465ee728b)  -> (artifact id: '2637b7dca01f302b9169b59680b74a73') in 0.017265 seconds
Number of updated asset objects reloaded before import = 0
Number of asset objects unloaded after import = 7
========================================================================
Received Import Request.
  Time since last request: 0.000013 seconds.
  path: Assets/SyntyStudios/PolygonAdventure/Models/SM_Env_Cloud_04.fbx
  artifactKey: Guid(8b65eee1f83383642aebd1d4d04fb52b) Importer(815301076,1909f56bfc062723c751e8b465ee728b)
Start importing Assets/SyntyStudios/PolygonAdventure/Models/SM_Env_Cloud_04.fbx using Guid(8b65eee1f83383642aebd1d4d04fb52b) Importer(815301076,1909f56bfc062723c751e8b465ee728b)  -> (artifact id: '15623f7778b5ad89faf471930cc9a63a') in 0.013456 seconds
Number of updated asset objects reloaded before import = 0
Number of asset objects unloaded after import = 7
========================================================================
Received Import Request.
  Time since last request: 0.000019 seconds.
  path: Assets/SyntyStudios/PolygonAdventure/Models/SM_Env_Cloud_07.fbx
  artifactKey: Guid(2e785da9f39e34c4a861e80075f863cb) Importer(815301076,1909f56bfc062723c751e8b465ee728b)
Start importing Assets/SyntyStudios/PolygonAdventure/Models/SM_Env_Cloud_07.fbx using Guid(2e785da9f39e34c4a861e80075f863cb) Importer(815301076,1909f56bfc062723c751e8b465ee728b)  -> (artifact id: '299b38a4d58b252389475a616ff17f8d') in 0.017309 seconds
Number of updated asset objects reloaded before import = 0
Number of asset objects unloaded after import = 7
========================================================================
Received Import Request.
  Time since last request: 0.000030 seconds.
  path: Assets/SyntyStudios/PolygonAdventure/Models/SM_Env_FloorTile_01.fbx
  artifactKey: Guid(559a8d06c693aea4abc7298adcde2f04) Importer(815301076,1909f56bfc062723c751e8b465ee728b)
Start importing Assets/SyntyStudios/PolygonAdventure/Models/SM_Env_FloorTile_01.fbx using Guid(559a8d06c693aea4abc7298adcde2f04) Importer(815301076,1909f56bfc062723c751e8b465ee728b)  -> (artifact id: '4fa8e6ec15aec1592453587d4731c35b') in 0.022163 seconds
Number of updated asset objects reloaded before import = 0
Number of asset objects unloaded after import = 7
========================================================================
Received Import Request.
  Time since last request: 0.000016 seconds.
  path: Assets/SyntyStudios/PolygonAdventure/Models/SM_Env_FloorTile_05.fbx
  artifactKey: Guid(57866f6a7e7c90341bd0cf0d03e1831a) Importer(815301076,1909f56bfc062723c751e8b465ee728b)
Start importing Assets/SyntyStudios/PolygonAdventure/Models/SM_Env_FloorTile_05.fbx using Guid(57866f6a7e7c90341bd0cf0d03e1831a) Importer(815301076,1909f56bfc062723c751e8b465ee728b)  -> (artifact id: '5163171dcd8302ca5cdb465484fb58ff') in 0.016194 seconds
Number of updated asset objects reloaded before import = 0
Number of asset objects unloaded after import = 7
========================================================================
Received Import Request.
  Time since last request: 0.000104 seconds.
  path: Assets/SyntyStudios/PolygonAdventure/Models/SM_Env_FloorTile_07.fbx
  artifactKey: Guid(9923557363436f84bbbd56d095f0185f) Importer(815301076,1909f56bfc062723c751e8b465ee728b)
Start importing Assets/SyntyStudios/PolygonAdventure/Models/SM_Env_FloorTile_07.fbx using Guid(9923557363436f84bbbd56d095f0185f) Importer(815301076,1909f56bfc062723c751e8b465ee728b)  -> (artifact id: 'b9389f8fce0b5e3b8c6fffcb52d6af05') in 0.021468 seconds
Number of updated asset objects reloaded before import = 0
Number of asset objects unloaded after import = 7
========================================================================
Received Import Request.
  Time since last request: 0.000015 seconds.
  path: Assets/SyntyStudios/PolygonAdventure/Models/SM_Env_Flower_02.fbx
  artifactKey: Guid(e74c4c9858cbf1c40afb19ed3200fbaf) Importer(815301076,1909f56bfc062723c751e8b465ee728b)
Start importing Assets/SyntyStudios/PolygonAdventure/Models/SM_Env_Flower_02.fbx using Guid(e74c4c9858cbf1c40afb19ed3200fbaf) Importer(815301076,1909f56bfc062723c751e8b465ee728b)  -> (artifact id: '6885e11658de8a0968fb17296b5ca087') in 0.012172 seconds
Number of updated asset objects reloaded before import = 0
Number of asset objects unloaded after import = 7
========================================================================
Received Import Request.
  Time since last request: 0.000021 seconds.
  path: Assets/SyntyStudios/PolygonAdventure/Models/SM_Env_Flower_08.fbx
  artifactKey: Guid(1e32ff2c2d492444588c09593f7efdd9) Importer(815301076,1909f56bfc062723c751e8b465ee728b)
Start importing Assets/SyntyStudios/PolygonAdventure/Models/SM_Env_Flower_08.fbx using Guid(1e32ff2c2d492444588c09593f7efdd9) Importer(815301076,1909f56bfc062723c751e8b465ee728b)  -> (artifact id: '88e2c7d5b853f76331459be6b370491c') in 0.020551 seconds
Number of updated asset objects reloaded before import = 0
Number of asset objects unloaded after import = 7
========================================================================
Received Import Request.
  Time since last request: 0.000014 seconds.
  path: Assets/SyntyStudios/PolygonAdventure/Models/SM_Env_GroundMounds_01.fbx
  artifactKey: Guid(ea062f9137b754e43a827c5d1333c73d) Importer(815301076,1909f56bfc062723c751e8b465ee728b)
Start importing Assets/SyntyStudios/PolygonAdventure/Models/SM_Env_GroundMounds_01.fbx using Guid(ea062f9137b754e43a827c5d1333c73d) Importer(815301076,1909f56bfc062723c751e8b465ee728b)  -> (artifact id: '2aec62c5126f20a856e33fd626f65feb') in 0.012334 seconds
Number of updated asset objects reloaded before import = 0
Number of asset objects unloaded after import = 7
========================================================================
Received Import Request.
  Time since last request: 0.000015 seconds.
  path: Assets/SyntyStudios/PolygonAdventure/Models/SM_Env_GroundMounds_03.fbx
  artifactKey: Guid(017070c20c509184d8e7d65e1c241fa5) Importer(815301076,1909f56bfc062723c751e8b465ee728b)
Start importing Assets/SyntyStudios/PolygonAdventure/Models/SM_Env_GroundMounds_03.fbx using Guid(017070c20c509184d8e7d65e1c241fa5) Importer(815301076,1909f56bfc062723c751e8b465ee728b)  -> (artifact id: '3737f1262c26b3856e464a1633385bae') in 0.019630 seconds
Number of updated asset objects reloaded before import = 0
Number of asset objects unloaded after import = 7
========================================================================
Received Import Request.
  Time since last request: 0.000014 seconds.
  path: Assets/SyntyStudios/PolygonAdventure/Models/SM_Env_GroundMounds_02.fbx
  artifactKey: Guid(423c4c0e14dc7c44296e30945f1061c2) Importer(815301076,1909f56bfc062723c751e8b465ee728b)
Start importing Assets/SyntyStudios/PolygonAdventure/Models/SM_Env_GroundMounds_02.fbx using Guid(423c4c0e14dc7c44296e30945f1061c2) Importer(815301076,1909f56bfc062723c751e8b465ee728b)  -> (artifact id: '32f512b80456cf5fe1583a913c022436') in 0.015504 seconds
Number of updated asset objects reloaded before import = 0
Number of asset objects unloaded after import = 7
========================================================================
Received Import Request.
  Time since last request: 0.000012 seconds.
  path: Assets/SyntyStudios/PolygonAdventure/Models/SM_Env_Flower_06.fbx
  artifactKey: Guid(7e11692f5b422f74e80b8e733f57ed06) Importer(815301076,1909f56bfc062723c751e8b465ee728b)
Start importing Assets/SyntyStudios/PolygonAdventure/Models/SM_Env_Flower_06.fbx using Guid(7e11692f5b422f74e80b8e733f57ed06) Importer(815301076,1909f56bfc062723c751e8b465ee728b)  -> (artifact id: '5a66649edfc755c990119f086611e518') in 0.013039 seconds
Number of updated asset objects reloaded before import = 0
Number of asset objects unloaded after import = 7
========================================================================
Received Import Request.
  Time since last request: 0.000045 seconds.
  path: Assets/SyntyStudios/PolygonAdventure/Models/SM_Env_Hill_01.fbx
  artifactKey: Guid(431b36823ded13045a11c1a72a569697) Importer(815301076,1909f56bfc062723c751e8b465ee728b)
Start importing Assets/SyntyStudios/PolygonAdventure/Models/SM_Env_Hill_01.fbx using Guid(431b36823ded13045a11c1a72a569697) Importer(815301076,1909f56bfc062723c751e8b465ee728b)  -> (artifact id: 'e9e0870f5a755daa768289bcd0d6dcd9') in 0.019553 seconds
Number of updated asset objects reloaded before import = 0
Number of asset objects unloaded after import = 7
========================================================================
Received Import Request.
  Time since last request: 0.000013 seconds.
  path: Assets/SyntyStudios/PolygonAdventure/Models/SM_Env_FloorTile_02.fbx
  artifactKey: Guid(71f966df325f0e74b83f5b058f9151f8) Importer(815301076,1909f56bfc062723c751e8b465ee728b)
Start importing Assets/SyntyStudios/PolygonAdventure/Models/SM_Env_FloorTile_02.fbx using Guid(71f966df325f0e74b83f5b058f9151f8) Importer(815301076,1909f56bfc062723c751e8b465ee728b)  -> (artifact id: '279c275e166e864ee5116ba5783f67b8') in 0.027770 seconds
Number of updated asset objects reloaded before import = 0
Number of asset objects unloaded after import = 7
========================================================================
Received Import Request.
  Time since last request: 0.000012 seconds.
  path: Assets/SyntyStudios/PolygonAdventure/Models/SM_Bld_Hut_01_Snow.fbx
  artifactKey: Guid(71bcc7358e55d684a93819f475ae0e05) Importer(815301076,1909f56bfc062723c751e8b465ee728b)
Start importing Assets/SyntyStudios/PolygonAdventure/Models/SM_Bld_Hut_01_Snow.fbx using Guid(71bcc7358e55d684a93819f475ae0e05) Importer(815301076,1909f56bfc062723c751e8b465ee728b)  -> (artifact id: '2496a3e13e4710f3f5472d745538f3e5') in 0.034388 seconds
Number of updated asset objects reloaded before import = 0
Number of asset objects unloaded after import = 7
========================================================================
Received Import Request.
  Time since last request: 0.000017 seconds.
  path: Assets/SyntyStudios/PolygonAdventure/Models/SM_Env_GroundMounds_05.fbx
  artifactKey: Guid(ba546395530649f439fd63c27d99c5ad) Importer(815301076,1909f56bfc062723c751e8b465ee728b)
Start importing Assets/SyntyStudios/PolygonAdventure/Models/SM_Env_GroundMounds_05.fbx using Guid(ba546395530649f439fd63c27d99c5ad) Importer(815301076,1909f56bfc062723c751e8b465ee728b)  -> (artifact id: '60d895344c57cb72f5317a842696289e') in 0.024301 seconds
Number of updated asset objects reloaded before import = 0
Number of asset objects unloaded after import = 7
========================================================================
Received Import Request.
  Time since last request: 0.000015 seconds.
  path: Assets/SyntyStudios/PolygonAdventure/Models/SM_Env_Grass_01.fbx
  artifactKey: Guid(aaca44a3eca756c419ccc26430c2a062) Importer(815301076,1909f56bfc062723c751e8b465ee728b)
Start importing Assets/SyntyStudios/PolygonAdventure/Models/SM_Env_Grass_01.fbx using Guid(aaca44a3eca756c419ccc26430c2a062) Importer(815301076,1909f56bfc062723c751e8b465ee728b)  -> (artifact id: 'fe8e834bbe04ddbe2950be15974c528a') in 0.023585 seconds
Number of updated asset objects reloaded before import = 0
Number of asset objects unloaded after import = 7
========================================================================
Received Import Request.
  Time since last request: 0.000020 seconds.
  path: Assets/SyntyStudios/PolygonAdventure/Models/SM_Env_GroundMounds_11.fbx
  artifactKey: Guid(c19f5b59d166ff84d8613a52e09491a2) Importer(815301076,1909f56bfc062723c751e8b465ee728b)
Start importing Assets/SyntyStudios/PolygonAdventure/Models/SM_Env_GroundMounds_11.fbx using Guid(c19f5b59d166ff84d8613a52e09491a2) Importer(815301076,1909f56bfc062723c751e8b465ee728b)  -> (artifact id: 'da5a08faa16b614c107cb5a5e27b609d') in 0.021887 seconds
Number of updated asset objects reloaded before import = 0
Number of asset objects unloaded after import = 7
========================================================================
Received Import Request.
  Time since last request: 0.000022 seconds.
  path: Assets/SyntyStudios/PolygonAdventure/Models/SM_Bld_Village_01.fbx
  artifactKey: Guid(5c3e4d768ddbe76488baafc6f690a9b4) Importer(815301076,1909f56bfc062723c751e8b465ee728b)
Start importing Assets/SyntyStudios/PolygonAdventure/Models/SM_Bld_Village_01.fbx using Guid(5c3e4d768ddbe76488baafc6f690a9b4) Importer(815301076,1909f56bfc062723c751e8b465ee728b)  -> (artifact id: '6d06628969d3a50d4787e198670a1791') in 0.020619 seconds
Number of updated asset objects reloaded before import = 0
Number of asset objects unloaded after import = 7
========================================================================
Received Import Request.
  Time since last request: 0.000014 seconds.
  path: Assets/SyntyStudios/PolygonAdventure/Models/SM_Env_DirtMound_01_Snow.fbx
  artifactKey: Guid(58d20f23fce38b246a9bb80e380e8fef) Importer(815301076,1909f56bfc062723c751e8b465ee728b)
Start importing Assets/SyntyStudios/PolygonAdventure/Models/SM_Env_DirtMound_01_Snow.fbx using Guid(58d20f23fce38b246a9bb80e380e8fef) Importer(815301076,1909f56bfc062723c751e8b465ee728b)  -> (artifact id: '25dbe58ca6e018c33ddf54a7212b4a56') in 0.022587 seconds
Number of updated asset objects reloaded before import = 0
Number of asset objects unloaded after import = 7
========================================================================
Received Import Request.
  Time since last request: 0.000015 seconds.
  path: Assets/SyntyStudios/PolygonAdventure/Models/SM_Bld_Village_03.fbx
  artifactKey: Guid(644381ffabf5b0f4ea75ad3f96f8d46c) Importer(815301076,1909f56bfc062723c751e8b465ee728b)
Start importing Assets/SyntyStudios/PolygonAdventure/Models/SM_Bld_Village_03.fbx using Guid(644381ffabf5b0f4ea75ad3f96f8d46c) Importer(815301076,1909f56bfc062723c751e8b465ee728b)  -> (artifact id: '3282f9021b143440b836582ba938d022') in 0.020253 seconds
Number of updated asset objects reloaded before import = 0
Number of asset objects unloaded after import = 7
========================================================================
Received Import Request.
  Time since last request: 0.000013 seconds.
  path: Assets/SyntyStudios/PolygonAdventure/Models/SM_Bld_FencePost_01.fbx
  artifactKey: Guid(15ebf623a9480db4f97015a7715c17cf) Importer(815301076,1909f56bfc062723c751e8b465ee728b)
Start importing Assets/SyntyStudios/PolygonAdventure/Models/SM_Bld_FencePost_01.fbx using Guid(15ebf623a9480db4f97015a7715c17cf) Importer(815301076,1909f56bfc062723c751e8b465ee728b)  -> (artifact id: 'e7cc849f45ac37a5a291c2e15c4a3730') in 0.019168 seconds
Number of updated asset objects reloaded before import = 0
Number of asset objects unloaded after import = 7
========================================================================
Received Import Request.
  Time since last request: 0.000017 seconds.
  path: Assets/SyntyStudios/PolygonAdventure/Models/SM_Env_GroundMounds_07.fbx
  artifactKey: Guid(c3183f22ecf106849adab9884a80de22) Importer(815301076,1909f56bfc062723c751e8b465ee728b)
Start importing Assets/SyntyStudios/PolygonAdventure/Models/SM_Env_GroundMounds_07.fbx using Guid(c3183f22ecf106849adab9884a80de22) Importer(815301076,1909f56bfc062723c751e8b465ee728b)  -> (artifact id: '8a9c0830e1cfa0ee1ee88004900c7a05') in 0.016459 seconds
Number of updated asset objects reloaded before import = 0
Number of asset objects unloaded after import = 7
========================================================================
Received Import Request.
  Time since last request: 0.000034 seconds.
  path: Assets/SyntyStudios/PolygonAdventure/Models/SM_Env_Cloud_05.fbx
  artifactKey: Guid(97c6e4bf214194045b602bcfd064ce41) Importer(815301076,1909f56bfc062723c751e8b465ee728b)
Start importing Assets/SyntyStudios/PolygonAdventure/Models/SM_Env_Cloud_05.fbx using Guid(97c6e4bf214194045b602bcfd064ce41) Importer(815301076,1909f56bfc062723c751e8b465ee728b)  -> (artifact id: 'dbec6dcf25faa8e15051f91cd2f3714b') in 0.024422 seconds
Number of updated asset objects reloaded before import = 0
Number of asset objects unloaded after import = 7
========================================================================
Received Import Request.
  Time since last request: 0.000013 seconds.
  path: Assets/SyntyStudios/PolygonAdventure/Models/SM_Env_Hedge_01_Snow.fbx
  artifactKey: Guid(4cb858ef246769245b4b34e93c25a2a1) Importer(815301076,1909f56bfc062723c751e8b465ee728b)
Start importing Assets/SyntyStudios/PolygonAdventure/Models/SM_Env_Hedge_01_Snow.fbx using Guid(4cb858ef246769245b4b34e93c25a2a1) Importer(815301076,1909f56bfc062723c751e8b465ee728b)  -> (artifact id: '5b287d1c55c155232390e5aab401d089') in 0.018296 seconds
Number of updated asset objects reloaded before import = 0
Number of asset objects unloaded after import = 7
========================================================================
Received Import Request.
  Time since last request: 0.000014 seconds.
  path: Assets/SyntyStudios/PolygonAdventure/Models/SM_Bld_Wall_02.fbx
  artifactKey: Guid(b3e84e6f22ccf2b4b830722f08c9db91) Importer(815301076,1909f56bfc062723c751e8b465ee728b)
Start importing Assets/SyntyStudios/PolygonAdventure/Models/SM_Bld_Wall_02.fbx using Guid(b3e84e6f22ccf2b4b830722f08c9db91) Importer(815301076,1909f56bfc062723c751e8b465ee728b)  -> (artifact id: '36cf3266f8ae42247050e3939329f4e9') in 0.018034 seconds
Number of updated asset objects reloaded before import = 0
Number of asset objects unloaded after import = 7
========================================================================
Received Import Request.
  Time since last request: 0.000015 seconds.
  path: Assets/SyntyStudios/PolygonAdventure/Models/SM_Bld_Village_Top_01.fbx
  artifactKey: Guid(0127970aab9f9e04aa6d15e8c8708d05) Importer(815301076,1909f56bfc062723c751e8b465ee728b)
Start importing Assets/SyntyStudios/PolygonAdventure/Models/SM_Bld_Village_Top_01.fbx using Guid(0127970aab9f9e04aa6d15e8c8708d05) Importer(815301076,1909f56bfc062723c751e8b465ee728b)  -> (artifact id: 'cd7d19f3cce7c1aa1345289c0ac8311e') in 0.015352 seconds
Number of updated asset objects reloaded before import = 0
Number of asset objects unloaded after import = 7
========================================================================
Received Import Request.
  Time since last request: 0.000016 seconds.
  path: Assets/SyntyStudios/PolygonAdventure/Models/SM_Env_FloorTile_04.fbx
  artifactKey: Guid(912e29ff89e57d44585a90ef149c2530) Importer(815301076,1909f56bfc062723c751e8b465ee728b)
Start importing Assets/SyntyStudios/PolygonAdventure/Models/SM_Env_FloorTile_04.fbx using Guid(912e29ff89e57d44585a90ef149c2530) Importer(815301076,1909f56bfc062723c751e8b465ee728b)  -> (artifact id: '46efcc04244c0d1d47d0ed4e7b9cd38e') in 0.017244 seconds
Number of updated asset objects reloaded before import = 0
Number of asset objects unloaded after import = 7
========================================================================
Received Import Request.
  Time since last request: 0.000018 seconds.
  path: Assets/SyntyStudios/PolygonAdventure/Models/SM_Bld_Stall_Cover_02.fbx
  artifactKey: Guid(4ca89733cbd3f624aa2d4d9969bb1aa5) Importer(815301076,1909f56bfc062723c751e8b465ee728b)
Start importing Assets/SyntyStudios/PolygonAdventure/Models/SM_Bld_Stall_Cover_02.fbx using Guid(4ca89733cbd3f624aa2d4d9969bb1aa5) Importer(815301076,1909f56bfc062723c751e8b465ee728b)  -> (artifact id: 'b645c6557cba6a448793c2b204be8423') in 0.014346 seconds
Number of updated asset objects reloaded before import = 0
Number of asset objects unloaded after import = 7
========================================================================
Received Import Request.
  Time since last request: 0.000739 seconds.
  path: Assets/SyntyStudios/PolygonAdventure/Models/SM_Bld_Stall_Cover_03.fbx
  artifactKey: Guid(4a5db1b1b824abb4c8cd24812336de9b) Importer(815301076,1909f56bfc062723c751e8b465ee728b)
Start importing Assets/SyntyStudios/PolygonAdventure/Models/SM_Bld_Stall_Cover_03.fbx using Guid(4a5db1b1b824abb4c8cd24812336de9b) Importer(815301076,1909f56bfc062723c751e8b465ee728b)  -> (artifact id: 'd272a966a5871f5863b317246d5ec4f7') in 0.020065 seconds
Number of updated asset objects reloaded before import = 0
Number of asset objects unloaded after import = 7
========================================================================
Received Import Request.
  Time since last request: 16.302637 seconds.
  path: Assets/SyntyStudios/PolygonAdventure/Prefabs/Characters/Character_Knight_White.prefab
  artifactKey: Guid(dac2afd5e1dda1c4d9fe05cf141b47f0) Importer(815301076,1909f56bfc062723c751e8b465ee728b)
Start importing Assets/SyntyStudios/PolygonAdventure/Prefabs/Characters/Character_Knight_White.prefab using Guid(dac2afd5e1dda1c4d9fe05cf141b47f0) Importer(815301076,1909f56bfc062723c751e8b465ee728b)  -> (artifact id: '4174d7ed5dfed69345d1fbdad22006ae') in 0.044901 seconds
Number of updated asset objects reloaded before import = 0
Number of asset objects unloaded after import = 176
========================================================================
Received Import Request.
  Time since last request: 0.000015 seconds.
  path: Assets/SyntyStudios/PolygonAdventure/Prefabs/Characters/Character_Peasant_Brown.prefab
  artifactKey: Guid(100dded3f80a43846a29e6fdf0e82019) Importer(815301076,1909f56bfc062723c751e8b465ee728b)
Start importing Assets/SyntyStudios/PolygonAdventure/Prefabs/Characters/Character_Peasant_Brown.prefab using Guid(100dded3f80a43846a29e6fdf0e82019) Importer(815301076,1909f56bfc062723c751e8b465ee728b)  -> (artifact id: '2088c8b96d5fb368a2b245288ca35bb5') in 0.019324 seconds
Number of updated asset objects reloaded before import = 0
Number of asset objects unloaded after import = 178
========================================================================
Received Import Request.
  Time since last request: 0.000017 seconds.
  path: Assets/SyntyStudios/PolygonAdventure/Prefabs/Characters/Character_Peasant_White.prefab
  artifactKey: Guid(0925457c2b2fe9f4a8747c59013d56d4) Importer(815301076,1909f56bfc062723c751e8b465ee728b)
Start importing Assets/SyntyStudios/PolygonAdventure/Prefabs/Characters/Character_Peasant_White.prefab using Guid(0925457c2b2fe9f4a8747c59013d56d4) Importer(815301076,1909f56bfc062723c751e8b465ee728b)  -> (artifact id: '4d61c5064b4918839abc586c6befd7fa') in 0.022202 seconds
Number of updated asset objects reloaded before import = 0
Number of asset objects unloaded after import = 176
========================================================================
Received Import Request.
  Time since last request: 0.000014 seconds.
  path: Assets/SyntyStudios/PolygonAdventure/Prefabs/Characters/Character_Shopkeeper_Brown.prefab
  artifactKey: Guid(5bec398114a29f44286d4e48bb0e0de3) Importer(815301076,1909f56bfc062723c751e8b465ee728b)
Start importing Assets/SyntyStudios/PolygonAdventure/Prefabs/Characters/Character_Shopkeeper_Brown.prefab using Guid(5bec398114a29f44286d4e48bb0e0de3) Importer(815301076,1909f56bfc062723c751e8b465ee728b)  -> (artifact id: '1a94d887b09840f2b9ccdc4cb4b001ac') in 0.037865 seconds
Number of updated asset objects reloaded before import = 0
Number of asset objects unloaded after import = 178
========================================================================
Received Import Request.
  Time since last request: 24.470496 seconds.
  path: Assets/Opsive/OmniAnimation/Packs/CoreLocomotion/Animations/TPose/CrouchIdleTurnLeft90.fbx
  artifactKey: Guid(e37a0d8940144c246915a0584c807fb6) Importer(815301076,1909f56bfc062723c751e8b465ee728b)
Start importing Assets/Opsive/OmniAnimation/Packs/CoreLocomotion/Animations/TPose/CrouchIdleTurnLeft90.fbx using Guid(e37a0d8940144c246915a0584c807fb6) Importer(815301076,1909f56bfc062723c751e8b465ee728b)  -> (artifact id: '41845c05fd7b9296cfd0192feabea6f6') in 0.005473 seconds
Number of updated asset objects reloaded before import = 0
Number of asset objects unloaded after import = 141
========================================================================
Received Import Request.
  Time since last request: 0.006446 seconds.
  path: Assets/Opsive/OmniAnimation/Packs/CoreLocomotion/Animations/TPose/CrouchIdleTurnRight45.fbx
  artifactKey: Guid(f410895eafc7b314891239a5409a4f2c) Importer(815301076,1909f56bfc062723c751e8b465ee728b)
Start importing Assets/Opsive/OmniAnimation/Packs/CoreLocomotion/Animations/TPose/CrouchIdleTurnRight45.fbx using Guid(f410895eafc7b314891239a5409a4f2c) Importer(815301076,1909f56bfc062723c751e8b465ee728b)  -> (artifact id: 'e845e4090b2b60b376027fad8494e6cb') in 0.005826 seconds
Number of updated asset objects reloaded before import = 0
Number of asset objects unloaded after import = 141
Editor requested this worker to shutdown with reason: Scaling down because of idle timeout
TcpMessagingSession - receive error: operation aborted. errorcode: 995, details:        I/O  .
AssetImportWorker is now disconnected from the server
Process exiting
Exiting without the bug reporter. Application will terminate with return code 0