Using pre-set license
Built from '2022.3/staging' branch; Version is '2022.3.14f1 (eff2de9070d8) revision 15725278'; Using compiler version '192829333'; Build Type 'Release'
OS: 'Windows 11  (10.0.22631) 64bit Core' Language: 'ko' Physical Memory: 16049 MB
BatchMode: 1, IsHumanControllingUs: 0, StartBugReporterOnCrash: 0, Is64bit: 1, IsPro: 1

COMMAND LINE ARGUMENTS:
C:\Program Files\Unity\Hub\Editor\2022.3.14f1\Editor\Unity.exe
-adb2
-batchMode
-noUpm
-name
AssetImportWorker9
-projectPath
E:/Unity/Puzzle/NewNewProject
-logFile
Logs/AssetImportWorker9.log
-srvPort
51049
Successfully changed project path to: E:/Unity/Puzzle/NewNewProject
E:/Unity/Puzzle/NewNewProject
[UnityMemory] Configuration Parameters - Can be set up in boot.config
    "memorysetup-bucket-allocator-granularity=16"
    "memorysetup-bucket-allocator-bucket-count=8"
    "memorysetup-bucket-allocator-block-size=33554432"
    "memorysetup-bucket-allocator-block-count=8"
    "memorysetup-main-allocator-block-size=16777216"
    "memorysetup-thread-allocator-block-size=16777216"
    "memorysetup-gfx-main-allocator-block-size=16777216"
    "memorysetup-gfx-thread-allocator-block-size=16777216"
    "memorysetup-cache-allocator-block-size=4194304"
    "memorysetup-typetree-allocator-block-size=2097152"
    "memorysetup-profiler-bucket-allocator-granularity=16"
    "memorysetup-profiler-bucket-allocator-bucket-count=8"
    "memorysetup-profiler-bucket-allocator-block-size=33554432"
    "memorysetup-profiler-bucket-allocator-block-count=8"
    "memorysetup-profiler-allocator-block-size=16777216"
    "memorysetup-profiler-editor-allocator-block-size=1048576"
    "memorysetup-temp-allocator-size-main=16777216"
    "memorysetup-job-temp-allocator-block-size=2097152"
    "memorysetup-job-temp-allocator-block-size-background=1048576"
    "memorysetup-job-temp-allocator-reduction-small-platforms=262144"
    "memorysetup-allocator-temp-initial-block-size-main=262144"
    "memorysetup-allocator-temp-initial-block-size-worker=262144"
    "memorysetup-temp-allocator-size-background-worker=32768"
    "memorysetup-temp-allocator-size-job-worker=262144"
    "memorysetup-temp-allocator-size-preload-manager=33554432"
    "memorysetup-temp-allocator-size-nav-mesh-worker=65536"
    "memorysetup-temp-allocator-size-audio-worker=65536"
    "memorysetup-temp-allocator-size-cloud-worker=32768"
    "memorysetup-temp-allocator-size-gi-baking-worker=262144"
    "memorysetup-temp-allocator-size-gfx=262144"
Player connection [25756] Host "[IP] 222.118.77.185 [Port] 0 [Flags] 2 [Guid] 4236191032 [EditorId] 4236191032 [Version] 1048832 [Id] WindowsEditor(7,DESKTOP-659L0DJ) [Debug] 1 [PackageName] WindowsEditor [ProjectName] Editor" joined multi-casting on [225.0.0.222:54997]...

Player connection [25756] Host "[IP] 222.118.77.185 [Port] 0 [Flags] 2 [Guid] 4236191032 [EditorId] 4236191032 [Version] 1048832 [Id] WindowsEditor(7,DESKTOP-659L0DJ) [Debug] 1 [PackageName] WindowsEditor [ProjectName] Editor" joined alternative multi-casting on [225.0.0.222:34997]...

[Physics::Module] Initialized MultithreadedJobDispatcher with 19 workers.
Refreshing native plugins compatible for Editor in 4.72 ms, found 1 plugins.
Preloading 0 native plugins for Editor in 0.00 ms.
Initialize engine version: 2022.3.14f1 (eff2de9070d8)
[Subsystems] Discovering subsystems at path C:/Program Files/Unity/Hub/Editor/2022.3.14f1/Editor/Data/Resources/UnitySubsystems
[Subsystems] Discovering subsystems at path E:/Unity/Puzzle/NewNewProject/Assets
GfxDevice: creating device client; threaded=0; jobified=0
Direct3D:
    Version:  Direct3D 11.0 [level 11.1]
    Renderer: NVIDIA GeForce RTX 3060 Laptop GPU (ID=0x2520)
    Vendor:   NVIDIA
    VRAM:     5996 MB
    Driver:   32.0.15.6109
Initialize mono
Mono path[0] = 'C:/Program Files/Unity/Hub/Editor/2022.3.14f1/Editor/Data/Managed'
Mono path[1] = 'C:/Program Files/Unity/Hub/Editor/2022.3.14f1/Editor/Data/MonoBleedingEdge/lib/mono/unityjit-win32'
Mono config path = 'C:/Program Files/Unity/Hub/Editor/2022.3.14f1/Editor/Data/MonoBleedingEdge/etc'
Using monoOptions --debugger-agent=transport=dt_socket,embedding=1,server=y,suspend=n,address=127.0.0.1:56016
Begin MonoManager ReloadAssembly
Registering precompiled unity dll's ...
Register platform support module: C:/Program Files/Unity/Hub/Editor/2022.3.14f1/Editor/Data/PlaybackEngines/WindowsStandaloneSupport/UnityEditor.WindowsStandalone.Extensions.dll
Registered in 0.004362 seconds.
- Loaded All Assemblies, in  0.258 seconds
Native extension for WindowsStandalone target not found
Mono: successfully reloaded assembly
- Finished resetting the current domain, in  0.188 seconds
Domain Reload Profiling: 445ms
	BeginReloadAssembly (80ms)
		ExecutionOrderSort (0ms)
		DisableScriptedObjects (0ms)
		BackupInstance (0ms)
		ReleaseScriptingObjects (0ms)
		CreateAndSetChildDomain (1ms)
	RebuildCommonClasses (25ms)
	RebuildNativeTypeToScriptingClass (7ms)
	initialDomainReloadingComplete (40ms)
	LoadAllAssembliesAndSetupDomain (104ms)
		LoadAssemblies (78ms)
		RebuildTransferFunctionScriptingTraits (0ms)
		AnalyzeDomain (102ms)
			TypeCache.Refresh (102ms)
				TypeCache.ScanAssembly (91ms)
			ScanForSourceGeneratedMonoScriptInfo (0ms)
			ResolveRequiredComponents (0ms)
	FinalizeReload (188ms)
		ReleaseScriptCaches (0ms)
		RebuildScriptCaches (0ms)
		SetupLoadedEditorAssemblies (143ms)
			LogAssemblyErrors (0ms)
			InitializePlatformSupportModulesInManaged (7ms)
			SetLoadedEditorAssemblies (6ms)
			RefreshPlugins (0ms)
			BeforeProcessingInitializeOnLoad (2ms)
			ProcessInitializeOnLoadAttributes (94ms)
			ProcessInitializeOnLoadMethodAttributes (35ms)
			AfterProcessingInitializeOnLoad (0ms)
			EditorAssembliesLoaded (0ms)
		ExecutionOrderSort2 (0ms)
		AwakeInstancesAfterBackupRestoration (0ms)
========================================================================
Worker process is ready to serve import requests
Begin MonoManager ReloadAssembly
- Loaded All Assemblies, in  0.436 seconds
Refreshing native plugins compatible for Editor in 2.59 ms, found 1 plugins.
Native extension for WindowsStandalone target not found
Mono: successfully reloaded assembly
- Finished resetting the current domain, in  0.343 seconds
Domain Reload Profiling: 778ms
	BeginReloadAssembly (111ms)
		ExecutionOrderSort (0ms)
		DisableScriptedObjects (4ms)
		BackupInstance (0ms)
		ReleaseScriptingObjects (0ms)
		CreateAndSetChildDomain (15ms)
	RebuildCommonClasses (25ms)
	RebuildNativeTypeToScriptingClass (7ms)
	initialDomainReloadingComplete (31ms)
	LoadAllAssembliesAndSetupDomain (261ms)
		LoadAssemblies (223ms)
		RebuildTransferFunctionScriptingTraits (0ms)
		AnalyzeDomain (103ms)
			TypeCache.Refresh (85ms)
				TypeCache.ScanAssembly (76ms)
			ScanForSourceGeneratedMonoScriptInfo (12ms)
			ResolveRequiredComponents (5ms)
	FinalizeReload (343ms)
		ReleaseScriptCaches (0ms)
		RebuildScriptCaches (0ms)
		SetupLoadedEditorAssemblies (232ms)
			LogAssemblyErrors (0ms)
			InitializePlatformSupportModulesInManaged (4ms)
			SetLoadedEditorAssemblies (4ms)
			RefreshPlugins (0ms)
			BeforeProcessingInitializeOnLoad (42ms)
			ProcessInitializeOnLoadAttributes (158ms)
			ProcessInitializeOnLoadMethodAttributes (19ms)
			AfterProcessingInitializeOnLoad (4ms)
			EditorAssembliesLoaded (0ms)
		ExecutionOrderSort2 (0ms)
		AwakeInstancesAfterBackupRestoration (5ms)
Launched and connected shader compiler UnityShaderCompiler.exe after 0.05 seconds
Refreshing native plugins compatible for Editor in 1.49 ms, found 1 plugins.
Preloading 0 native plugins for Editor in 0.00 ms.
Unloading 3074 Unused Serialized files (Serialized files now loaded: 0)
Unloading 33 unused Assets / (55.8 KB). Loaded Objects now: 3541.
Memory consumption went from 133.0 MB to 132.9 MB.
Total: 2.520300 ms (FindLiveObjects: 0.165500 ms CreateObjectMapping: 0.066400 ms MarkObjects: 2.203500 ms  DeleteObjects: 0.084000 ms)

AssetImportParameters requested are different than current active one (requested -> active):
  custom:container-demuxer-ogg: 62fdf1f143b41e24485cea50d1cbac27 -> 
  custom:video-codec-MediaFoundation-h265: 746d11721c4dcdbdad8f713fa42b33f4 -> 
  custom:video-decoder-ogg-theora: a1e56fd34408186e4bbccfd4996cb3dc -> 
  custom:framework-win-MediaFoundation: 216162199b28c13a410421893ffa2e32 -> 
  custom:CustomObjectIndexerAttribute: 756ad292c208cfabdd7b50bc23989ffe -> 
  custom:container-demuxer-webm: 4f35f7cbe854078d1ac9338744f61a02 -> 
  custom:container-muxer-webm: aa71ff27fc2769a1b78a27578f13a17b -> 
  custom:video-decoder-webm-vp8: 9c59270c3fd7afecdb556c50c9e8de78 -> 
  custom:SearchIndexIgnoredProperties: e643bd26f0fe6173181afceb89e7c659 -> 
  custom:AudioImporter_EditorPlatform: d09bf68614088b80899f8185d706f6e7 -> 
  custom:video-encoder-webm-vp8: eb34c28f22e8b96e1ab97ce403110664 -> 
  custom:audio-decoder-ogg-vorbis: bf7c407c2cedff20999df2af8eb42d56 -> 
  custom:audio-encoder-webm-vorbis: bf7c407c2cedff20999df2af8eb42d56 -> 
========================================================================
Received Import Request.
  Time since last request: 38947.503168 seconds.
  path: Assets/QuarterView 3D Action BE5/Sprites/Guage Front.png
  artifactKey: Guid(ab3b7539ba408154db6715ef45708b56) Importer(815301076,1909f56bfc062723c751e8b465ee728b)
Start importing Assets/QuarterView 3D Action BE5/Sprites/Guage Front.png using Guid(ab3b7539ba408154db6715ef45708b56) Importer(815301076,1909f56bfc062723c751e8b465ee728b)  -> (artifact id: '883564fd370a5b12cf2422c7aeceb457') in 0.082247 seconds
Number of updated asset objects reloaded before import = 0
Number of asset objects unloaded after import = 3
========================================================================
Received Import Request.
  Time since last request: 0.000016 seconds.
  path: Assets/QuarterView 3D Action BE5/Sprites/Icon Close.png
  artifactKey: Guid(1baaa93f3ec48804397f21b2614604d4) Importer(815301076,1909f56bfc062723c751e8b465ee728b)
Start importing Assets/QuarterView 3D Action BE5/Sprites/Icon Close.png using Guid(1baaa93f3ec48804397f21b2614604d4) Importer(815301076,1909f56bfc062723c751e8b465ee728b)  -> (artifact id: 'b12e1abc01f8e430bba1b6c9090d18c4') in 0.020327 seconds
Number of updated asset objects reloaded before import = 0
Number of asset objects unloaded after import = 3
========================================================================
Received Import Request.
  Time since last request: 0.000014 seconds.
  path: Assets/QuarterView 3D Action BE5/Sprites/Icon Num4.png
  artifactKey: Guid(3fa2ed196fd9aaf43a8f4ece48a41f44) Importer(815301076,1909f56bfc062723c751e8b465ee728b)
Start importing Assets/QuarterView 3D Action BE5/Sprites/Icon Num4.png using Guid(3fa2ed196fd9aaf43a8f4ece48a41f44) Importer(815301076,1909f56bfc062723c751e8b465ee728b)  -> (artifact id: 'c7bb09177605ae511fab03bc5844b638') in 0.018467 seconds
Number of updated asset objects reloaded before import = 0
Number of asset objects unloaded after import = 3
========================================================================
Received Import Request.
  Time since last request: 0.000022 seconds.
  path: Assets/QuarterView 3D Action BE5/Sprites/Panel B.png
  artifactKey: Guid(9dbac7399ba13ae4caa7872cd0ddf9c6) Importer(815301076,1909f56bfc062723c751e8b465ee728b)
Start importing Assets/QuarterView 3D Action BE5/Sprites/Panel B.png using Guid(9dbac7399ba13ae4caa7872cd0ddf9c6) Importer(815301076,1909f56bfc062723c751e8b465ee728b)  -> (artifact id: '661ed69e0a06107ae0f3a6bc94b6b2b3') in 0.019328 seconds
Number of updated asset objects reloaded before import = 0
Number of asset objects unloaded after import = 3
========================================================================
Received Import Request.
  Time since last request: 0.000013 seconds.
  path: Assets/QuarterView 3D Action BE5/Sprites/Icon Attack.png
  artifactKey: Guid(d839aa1982367874bac74affe829c2e4) Importer(815301076,1909f56bfc062723c751e8b465ee728b)
Start importing Assets/QuarterView 3D Action BE5/Sprites/Icon Attack.png using Guid(d839aa1982367874bac74affe829c2e4) Importer(815301076,1909f56bfc062723c751e8b465ee728b)  -> (artifact id: '6669a6ee9980b2f23424b6a7ab104d46') in 0.017117 seconds
Number of updated asset objects reloaded before import = 0
Number of asset objects unloaded after import = 3
========================================================================
Received Import Request.
  Time since last request: 0.000013 seconds.
  path: Assets/QuarterView 3D Action BE5/Sprites/Icon Enemy A.png
  artifactKey: Guid(1edd545fe3e8d0f458a679414f885c51) Importer(815301076,1909f56bfc062723c751e8b465ee728b)
Start importing Assets/QuarterView 3D Action BE5/Sprites/Icon Enemy A.png using Guid(1edd545fe3e8d0f458a679414f885c51) Importer(815301076,1909f56bfc062723c751e8b465ee728b)  -> (artifact id: 'b216bcd494534894db7f26229874bd0f') in 0.020072 seconds
Number of updated asset objects reloaded before import = 0
Number of asset objects unloaded after import = 3
========================================================================
Received Import Request.
  Time since last request: 0.000109 seconds.
  path: Assets/QuarterView 3D Action BE5/Sprites/Icon Enemy C.png
  artifactKey: Guid(db84109231a678440817c74d1158239b) Importer(815301076,1909f56bfc062723c751e8b465ee728b)
Start importing Assets/QuarterView 3D Action BE5/Sprites/Icon Enemy C.png using Guid(db84109231a678440817c74d1158239b) Importer(815301076,1909f56bfc062723c751e8b465ee728b)  -> (artifact id: '1f2151e4b28190f224b011c73a409d19') in 0.017753 seconds
Number of updated asset objects reloaded before import = 0
Number of asset objects unloaded after import = 3
========================================================================
Received Import Request.
  Time since last request: 0.000015 seconds.
  path: Assets/QuarterView 3D Action BE5/Sprites/Icon Stage Mini.png
  artifactKey: Guid(98f841c6ac46d174ca4f358018ab8de0) Importer(815301076,1909f56bfc062723c751e8b465ee728b)
Start importing Assets/QuarterView 3D Action BE5/Sprites/Icon Stage Mini.png using Guid(98f841c6ac46d174ca4f358018ab8de0) Importer(815301076,1909f56bfc062723c751e8b465ee728b)  -> (artifact id: '40b562ea0b4f2fb43d00e024708ca625') in 0.017876 seconds
Number of updated asset objects reloaded before import = 0
Number of asset objects unloaded after import = 3
========================================================================
Received Import Request.
  Time since last request: 0.000017 seconds.
  path: Assets/QuarterView 3D Action BE5/Sprites/Title.png
  artifactKey: Guid(30d34a086fddb334cabc51ff314daf9a) Importer(815301076,1909f56bfc062723c751e8b465ee728b)
Start importing Assets/QuarterView 3D Action BE5/Sprites/Title.png using Guid(30d34a086fddb334cabc51ff314daf9a) Importer(815301076,1909f56bfc062723c751e8b465ee728b)  -> (artifact id: '8528f9c2bfe3c473cf42845fda8f3955') in 0.021112 seconds
Number of updated asset objects reloaded before import = 0
Number of asset objects unloaded after import = 3
========================================================================
Received Import Request.
  Time since last request: 5.018477 seconds.
  path: Assets/QuarterView 3D Action BE5/Demo/Demo/ReflectionProbe-0.exr
  artifactKey: Guid(adfd99a973f4d4f4abff39d5d79b061a) Importer(815301076,1909f56bfc062723c751e8b465ee728b)
Start importing Assets/QuarterView 3D Action BE5/Demo/Demo/ReflectionProbe-0.exr using Guid(adfd99a973f4d4f4abff39d5d79b061a) Importer(815301076,1909f56bfc062723c751e8b465ee728b)  -> (artifact id: 'c4573235b47dceb2af4e0206d169e538') in 0.041179 seconds
Number of updated asset objects reloaded before import = 0
Number of asset objects unloaded after import = 1
========================================================================
Received Prepare
Begin MonoManager ReloadAssembly
- Loaded All Assemblies, in  0.451 seconds
Refreshing native plugins compatible for Editor in 2.07 ms, found 1 plugins.
Native extension for WindowsStandalone target not found
Mono: successfully reloaded assembly
- Finished resetting the current domain, in  0.906 seconds
Domain Reload Profiling: 1356ms
	BeginReloadAssembly (145ms)
		ExecutionOrderSort (0ms)
		DisableScriptedObjects (4ms)
		BackupInstance (0ms)
		ReleaseScriptingObjects (0ms)
		CreateAndSetChildDomain (22ms)
	RebuildCommonClasses (27ms)
	RebuildNativeTypeToScriptingClass (9ms)
	initialDomainReloadingComplete (28ms)
	LoadAllAssembliesAndSetupDomain (240ms)
		LoadAssemblies (316ms)
		RebuildTransferFunctionScriptingTraits (0ms)
		AnalyzeDomain (17ms)
			TypeCache.Refresh (6ms)
				TypeCache.ScanAssembly (1ms)
			ScanForSourceGeneratedMonoScriptInfo (5ms)
			ResolveRequiredComponents (5ms)
	FinalizeReload (907ms)
		ReleaseScriptCaches (0ms)
		RebuildScriptCaches (0ms)
		SetupLoadedEditorAssemblies (187ms)
			LogAssemblyErrors (0ms)
			InitializePlatformSupportModulesInManaged (4ms)
			SetLoadedEditorAssemblies (3ms)
			RefreshPlugins (0ms)
			BeforeProcessingInitializeOnLoad (44ms)
			ProcessInitializeOnLoadAttributes (112ms)
			ProcessInitializeOnLoadMethodAttributes (17ms)
			AfterProcessingInitializeOnLoad (5ms)
			EditorAssembliesLoaded (0ms)
		ExecutionOrderSort2 (0ms)
		AwakeInstancesAfterBackupRestoration (5ms)
Refreshing native plugins compatible for Editor in 1.54 ms, found 1 plugins.
Preloading 0 native plugins for Editor in 0.00 ms.
Unloading 3069 Unused Serialized files (Serialized files now loaded: 0)
Unloading 22 unused Assets / (30.1 KB). Loaded Objects now: 3603.
Memory consumption went from 136.8 MB to 136.8 MB.
Total: 1.871500 ms (FindLiveObjects: 0.172000 ms CreateObjectMapping: 0.070100 ms MarkObjects: 1.595600 ms  DeleteObjects: 0.033000 ms)

Prepare: number of updated asset objects reloaded= 0
AssetImportParameters requested are different than current active one (requested -> active):
  custom:container-demuxer-ogg: 62fdf1f143b41e24485cea50d1cbac27 -> 
  custom:video-codec-MediaFoundation-h265: 746d11721c4dcdbdad8f713fa42b33f4 -> 
  custom:video-decoder-ogg-theora: a1e56fd34408186e4bbccfd4996cb3dc -> 
  custom:framework-win-MediaFoundation: 216162199b28c13a410421893ffa2e32 -> 
  custom:CustomObjectIndexerAttribute: 756ad292c208cfabdd7b50bc23989ffe -> 
  custom:container-demuxer-webm: 4f35f7cbe854078d1ac9338744f61a02 -> 
  custom:container-muxer-webm: aa71ff27fc2769a1b78a27578f13a17b -> 
  custom:video-decoder-webm-vp8: 9c59270c3fd7afecdb556c50c9e8de78 -> 
  custom:SearchIndexIgnoredProperties: e643bd26f0fe6173181afceb89e7c659 -> 
  custom:AudioImporter_EditorPlatform: d09bf68614088b80899f8185d706f6e7 -> 
  custom:video-encoder-webm-vp8: eb34c28f22e8b96e1ab97ce403110664 -> 
  custom:audio-decoder-ogg-vorbis: bf7c407c2cedff20999df2af8eb42d56 -> 
  custom:audio-encoder-webm-vorbis: bf7c407c2cedff20999df2af8eb42d56 -> 
========================================================================
Received Import Request.
  Time since last request: 105.120645 seconds.
  path: Assets/Opsive/OmniAnimation/Packs/CoreLocomotion/Animations/Original/CrouchIdleTurnLeft45.fbx
  artifactKey: Guid(d829bd4e94671de4bb13d890675be06d) Importer(815301076,1909f56bfc062723c751e8b465ee728b)
Start importing Assets/Opsive/OmniAnimation/Packs/CoreLocomotion/Animations/Original/CrouchIdleTurnLeft45.fbx using Guid(d829bd4e94671de4bb13d890675be06d) Importer(815301076,1909f56bfc062723c751e8b465ee728b)  -> (artifact id: 'ddb6c244d47c12ea4d718fc68e2a7cb4') in 0.033844 seconds
Number of updated asset objects reloaded before import = 0
Number of asset objects unloaded after import = 139
========================================================================
Received Import Request.
  Time since last request: 0.000012 seconds.
  path: Assets/Opsive/OmniAnimation/Packs/CoreLocomotion/Animations/Original/CrouchIdleTurnRight90.fbx
  artifactKey: Guid(52ac6df88537c344c9d9616a8b084f67) Importer(815301076,1909f56bfc062723c751e8b465ee728b)
Start importing Assets/Opsive/OmniAnimation/Packs/CoreLocomotion/Animations/Original/CrouchIdleTurnRight90.fbx using Guid(52ac6df88537c344c9d9616a8b084f67) Importer(815301076,1909f56bfc062723c751e8b465ee728b)  -> (artifact id: '14f72301fc6c28d9ae4e836ef7a0e455') in 0.003310 seconds
Number of updated asset objects reloaded before import = 0
Number of asset objects unloaded after import = 139
========================================================================
Received Import Request.
  Time since last request: 0.000027 seconds.
  path: Assets/Opsive/OmniAnimation/Packs/CoreLocomotion/Animations/Original/RunJumpLeft.fbx
  artifactKey: Guid(cf264b757760a20478a874904b6ef8ed) Importer(815301076,1909f56bfc062723c751e8b465ee728b)
Start importing Assets/Opsive/OmniAnimation/Packs/CoreLocomotion/Animations/Original/RunJumpLeft.fbx using Guid(cf264b757760a20478a874904b6ef8ed) Importer(815301076,1909f56bfc062723c751e8b465ee728b)  -> (artifact id: 'df6a08307114893de2a989d99d3ab719') in 0.002588 seconds
Number of updated asset objects reloaded before import = 0
Number of asset objects unloaded after import = 139
========================================================================
Received Import Request.
  Time since last request: 0.000011 seconds.
  path: Assets/Opsive/OmniAnimation/Packs/CoreLocomotion/Animations/Original/CrouchRunStrafeRight.fbx
  artifactKey: Guid(a5d25be5f4e7d6343ad41a0038e1ab2d) Importer(815301076,1909f56bfc062723c751e8b465ee728b)
Start importing Assets/Opsive/OmniAnimation/Packs/CoreLocomotion/Animations/Original/CrouchRunStrafeRight.fbx using Guid(a5d25be5f4e7d6343ad41a0038e1ab2d) Importer(815301076,1909f56bfc062723c751e8b465ee728b)  -> (artifact id: '609062f2e155a33933e9b50375896af6') in 0.003204 seconds
Number of updated asset objects reloaded before import = 0
Number of asset objects unloaded after import = 139
========================================================================
Received Import Request.
  Time since last request: 0.000014 seconds.
  path: Assets/Opsive/OmniAnimation/Packs/CoreLocomotion/Animations/Original/StartCrouchRunRight.fbx
  artifactKey: Guid(3115fbab54f1bbd4f9b8eaa5e751d985) Importer(815301076,1909f56bfc062723c751e8b465ee728b)
Start importing Assets/Opsive/OmniAnimation/Packs/CoreLocomotion/Animations/Original/StartCrouchRunRight.fbx using Guid(3115fbab54f1bbd4f9b8eaa5e751d985) Importer(815301076,1909f56bfc062723c751e8b465ee728b)  -> (artifact id: '134cde99590107ba1ff7e7873d53bb28') in 0.003244 seconds
Number of updated asset objects reloaded before import = 0
Number of asset objects unloaded after import = 139
========================================================================
Received Import Request.
  Time since last request: 0.000015 seconds.
  path: Assets/Opsive/OmniAnimation/Packs/CoreLocomotion/Animations/Original/IdleTurnLeft180.fbx
  artifactKey: Guid(dc4b1f0686511484183143289e9c40e5) Importer(815301076,1909f56bfc062723c751e8b465ee728b)
Start importing Assets/Opsive/OmniAnimation/Packs/CoreLocomotion/Animations/Original/IdleTurnLeft180.fbx using Guid(dc4b1f0686511484183143289e9c40e5) Importer(815301076,1909f56bfc062723c751e8b465ee728b)  -> (artifact id: '08043a8ad8e7e75e92a35d427bb4a680') in 0.003893 seconds
Number of updated asset objects reloaded before import = 0
Number of asset objects unloaded after import = 139
========================================================================
Received Import Request.
  Time since last request: 0.000011 seconds.
  path: Assets/Opsive/OmniAnimation/Packs/CoreLocomotion/Animations/Original/CrouchIdleTurnRight45.fbx
  artifactKey: Guid(9612ca9dd07cb824b96643e076a5b8e0) Importer(815301076,1909f56bfc062723c751e8b465ee728b)
Start importing Assets/Opsive/OmniAnimation/Packs/CoreLocomotion/Animations/Original/CrouchIdleTurnRight45.fbx using Guid(9612ca9dd07cb824b96643e076a5b8e0) Importer(815301076,1909f56bfc062723c751e8b465ee728b)  -> (artifact id: 'd71100a0d06f3b651ddbba3c69e49251') in 0.003337 seconds
Number of updated asset objects reloaded before import = 0
Number of asset objects unloaded after import = 139
========================================================================
Received Import Request.
  Time since last request: 0.000019 seconds.
  path: Assets/Opsive/OmniAnimation/Packs/CoreLocomotion/Animations/Original/StartRunRight.fbx
  artifactKey: Guid(664b007ab8a4bac46adcd9f6ae3ff914) Importer(815301076,1909f56bfc062723c751e8b465ee728b)
Start importing Assets/Opsive/OmniAnimation/Packs/CoreLocomotion/Animations/Original/StartRunRight.fbx using Guid(664b007ab8a4bac46adcd9f6ae3ff914) Importer(815301076,1909f56bfc062723c751e8b465ee728b)  -> (artifact id: 'b4d5cf69ba450f063b858ad40dd50df2') in 0.003941 seconds
Number of updated asset objects reloaded before import = 0
Number of asset objects unloaded after import = 139
========================================================================
Received Import Request.
  Time since last request: 0.000011 seconds.
  path: Assets/Opsive/OmniAnimation/Packs/CoreLocomotion/Animations/Original/StartCrouchWalkRight.fbx
  artifactKey: Guid(d7eac46fab8b085439b3a5992bc45fb7) Importer(815301076,1909f56bfc062723c751e8b465ee728b)
Start importing Assets/Opsive/OmniAnimation/Packs/CoreLocomotion/Animations/Original/StartCrouchWalkRight.fbx using Guid(d7eac46fab8b085439b3a5992bc45fb7) Importer(815301076,1909f56bfc062723c751e8b465ee728b)  -> (artifact id: 'f723447ce170d992171fd16fb0bbe5b8') in 0.003280 seconds
Number of updated asset objects reloaded before import = 0
Number of asset objects unloaded after import = 139
========================================================================
Received Import Request.
  Time since last request: 0.000010 seconds.
  path: Assets/Opsive/OmniAnimation/Packs/CoreLocomotion/Animations/Original/StartWalkRight.fbx
  artifactKey: Guid(c227beb6e5ac4ee46a5c1830a6cf2f60) Importer(815301076,1909f56bfc062723c751e8b465ee728b)
Start importing Assets/Opsive/OmniAnimation/Packs/CoreLocomotion/Animations/Original/StartWalkRight.fbx using Guid(c227beb6e5ac4ee46a5c1830a6cf2f60) Importer(815301076,1909f56bfc062723c751e8b465ee728b)  -> (artifact id: 'dc45e55ee6b04ee0b35b7bc75d94b6b0') in 0.002758 seconds
Number of updated asset objects reloaded before import = 0
Number of asset objects unloaded after import = 139
========================================================================
Received Import Request.
  Time since last request: 0.000010 seconds.
  path: Assets/Opsive/OmniAnimation/Packs/CoreLocomotion/Animations/Original/StartCrouchWalkLeft.fbx
  artifactKey: Guid(aa775dbac7a24eb4d917bb52faa6ef5b) Importer(815301076,1909f56bfc062723c751e8b465ee728b)
Start importing Assets/Opsive/OmniAnimation/Packs/CoreLocomotion/Animations/Original/StartCrouchWalkLeft.fbx using Guid(aa775dbac7a24eb4d917bb52faa6ef5b) Importer(815301076,1909f56bfc062723c751e8b465ee728b)  -> (artifact id: 'af2434f7869cbf12842d298ab2f65587') in 0.003161 seconds
Number of updated asset objects reloaded before import = 0
Number of asset objects unloaded after import = 139
========================================================================
Received Import Request.
  Time since last request: 0.000012 seconds.
  path: Assets/Opsive/OmniAnimation/Packs/CoreLocomotion/Animations/Original/CrouchRunBackwardDiagonalRight.fbx
  artifactKey: Guid(b05385e67ad7a4b4ca142933c4b090f0) Importer(815301076,1909f56bfc062723c751e8b465ee728b)
Start importing Assets/Opsive/OmniAnimation/Packs/CoreLocomotion/Animations/Original/CrouchRunBackwardDiagonalRight.fbx using Guid(b05385e67ad7a4b4ca142933c4b090f0) Importer(815301076,1909f56bfc062723c751e8b465ee728b)  -> (artifact id: '7af282f6be941e5fd39c4ab868fca263') in 0.002669 seconds
Number of updated asset objects reloaded before import = 0
Number of asset objects unloaded after import = 139
========================================================================
Received Import Request.
  Time since last request: 0.000010 seconds.
  path: Assets/Opsive/OmniAnimation/Packs/CoreLocomotion/Animations/Original/CrouchRunBackward.fbx
  artifactKey: Guid(a9bd363cfa791734ba76dde455783ab9) Importer(815301076,1909f56bfc062723c751e8b465ee728b)
Start importing Assets/Opsive/OmniAnimation/Packs/CoreLocomotion/Animations/Original/CrouchRunBackward.fbx using Guid(a9bd363cfa791734ba76dde455783ab9) Importer(815301076,1909f56bfc062723c751e8b465ee728b)  -> (artifact id: '0e9ff4038473708c8eb3d53f39b6da40') in 0.002442 seconds
Number of updated asset objects reloaded before import = 0
Number of asset objects unloaded after import = 139
========================================================================
Received Import Request.
  Time since last request: 0.000036 seconds.
  path: Assets/Opsive/OmniAnimation/Packs/CoreLocomotion/Animations/Original/StartSprintLeft.fbx
  artifactKey: Guid(c911b0d5c3101fb42a81368c86de7614) Importer(815301076,1909f56bfc062723c751e8b465ee728b)
Start importing Assets/Opsive/OmniAnimation/Packs/CoreLocomotion/Animations/Original/StartSprintLeft.fbx using Guid(c911b0d5c3101fb42a81368c86de7614) Importer(815301076,1909f56bfc062723c751e8b465ee728b)  -> (artifact id: 'd031df79cd8b02b07405fdccbec8878c') in 0.002765 seconds
Number of updated asset objects reloaded before import = 0
Number of asset objects unloaded after import = 139
========================================================================
Received Import Request.
  Time since last request: 0.000011 seconds.
  path: Assets/Opsive/OmniAnimation/Packs/CoreLocomotion/Animations/Original/CrouchWalkForwardDiagonalLeft.fbx
  artifactKey: Guid(d4273f474361164498b5ef900d9abda0) Importer(815301076,1909f56bfc062723c751e8b465ee728b)
Start importing Assets/Opsive/OmniAnimation/Packs/CoreLocomotion/Animations/Original/CrouchWalkForwardDiagonalLeft.fbx using Guid(d4273f474361164498b5ef900d9abda0) Importer(815301076,1909f56bfc062723c751e8b465ee728b)  -> (artifact id: '36753a1f038e692b2ea18d8134dd67db') in 0.002602 seconds
Number of updated asset objects reloaded before import = 0
Number of asset objects unloaded after import = 139
========================================================================
Received Import Request.
  Time since last request: 0.000010 seconds.
  path: Assets/Opsive/OmniAnimation/Packs/CoreLocomotion/Animations/Original/CrouchRunBackwardDiagonalLeft.fbx
  artifactKey: Guid(8787b1a3a6302564ca7be3d51478eb13) Importer(815301076,1909f56bfc062723c751e8b465ee728b)
Start importing Assets/Opsive/OmniAnimation/Packs/CoreLocomotion/Animations/Original/CrouchRunBackwardDiagonalLeft.fbx using Guid(8787b1a3a6302564ca7be3d51478eb13) Importer(815301076,1909f56bfc062723c751e8b465ee728b)  -> (artifact id: '986d1b0e608bcc8c9363d71e0ee8956a') in 0.002423 seconds
Number of updated asset objects reloaded before import = 0
Number of asset objects unloaded after import = 139
========================================================================
Received Import Request.
  Time since last request: 0.000008 seconds.
  path: Assets/Opsive/OmniAnimation/Packs/CoreLocomotion/Animations/Original/CrouchRunForwardDiagonalRight.fbx
  artifactKey: Guid(60dc3b932a5950448a1466fd636b5f02) Importer(815301076,1909f56bfc062723c751e8b465ee728b)
Start importing Assets/Opsive/OmniAnimation/Packs/CoreLocomotion/Animations/Original/CrouchRunForwardDiagonalRight.fbx using Guid(60dc3b932a5950448a1466fd636b5f02) Importer(815301076,1909f56bfc062723c751e8b465ee728b)  -> (artifact id: '493f299cb2f028dc4775d852061f77fb') in 0.002622 seconds
Number of updated asset objects reloaded before import = 0
Number of asset objects unloaded after import = 139
========================================================================
Received Import Request.
  Time since last request: 0.000010 seconds.
  path: Assets/Opsive/OmniAnimation/Packs/CoreLocomotion/Animations/Original/WalkStrafeRight.fbx
  artifactKey: Guid(41b1ce4dfa2a1b7409456d42503b09d4) Importer(815301076,1909f56bfc062723c751e8b465ee728b)
Start importing Assets/Opsive/OmniAnimation/Packs/CoreLocomotion/Animations/Original/WalkStrafeRight.fbx using Guid(41b1ce4dfa2a1b7409456d42503b09d4) Importer(815301076,1909f56bfc062723c751e8b465ee728b)  -> (artifact id: 'd7e9f1cb80900775b6a0f9086e124dd3') in 0.002969 seconds
Number of updated asset objects reloaded before import = 0
Number of asset objects unloaded after import = 139
========================================================================
Received Import Request.
  Time since last request: 0.000010 seconds.
  path: Assets/Opsive/OmniAnimation/Packs/CoreLocomotion/Animations/Original/StartCrouchRunLeft.fbx
  artifactKey: Guid(11d52913c5a16ed42a7d0fe1234fa475) Importer(815301076,1909f56bfc062723c751e8b465ee728b)
Start importing Assets/Opsive/OmniAnimation/Packs/CoreLocomotion/Animations/Original/StartCrouchRunLeft.fbx using Guid(11d52913c5a16ed42a7d0fe1234fa475) Importer(815301076,1909f56bfc062723c751e8b465ee728b)  -> (artifact id: '2f6329b2468803b5751ccb59e7b57b32') in 0.003001 seconds
Number of updated asset objects reloaded before import = 0
Number of asset objects unloaded after import = 139
========================================================================
Received Import Request.
  Time since last request: 0.000011 seconds.
  path: Assets/Opsive/OmniAnimation/Packs/CoreLocomotion/Animations/Original/IdleTurnLeft45.fbx
  artifactKey: Guid(5ef5e3f1a7871f249bf5508198318391) Importer(815301076,1909f56bfc062723c751e8b465ee728b)
Start importing Assets/Opsive/OmniAnimation/Packs/CoreLocomotion/Animations/Original/IdleTurnLeft45.fbx using Guid(5ef5e3f1a7871f249bf5508198318391) Importer(815301076,1909f56bfc062723c751e8b465ee728b)  -> (artifact id: '3328083ec801f8f8783998d259e3b778') in 0.003874 seconds
Number of updated asset objects reloaded before import = 0
Number of asset objects unloaded after import = 139
========================================================================
Received Import Request.
  Time since last request: 0.000009 seconds.
  path: Assets/Opsive/OmniAnimation/Packs/CoreLocomotion/Animations/Original/StopSprintRight.fbx
  artifactKey: Guid(e15004f1b5d270d45b78035dcf737388) Importer(815301076,1909f56bfc062723c751e8b465ee728b)
Start importing Assets/Opsive/OmniAnimation/Packs/CoreLocomotion/Animations/Original/StopSprintRight.fbx using Guid(e15004f1b5d270d45b78035dcf737388) Importer(815301076,1909f56bfc062723c751e8b465ee728b)  -> (artifact id: '600e7030214057777e22cefdc284f931') in 0.002639 seconds
Number of updated asset objects reloaded before import = 0
Number of asset objects unloaded after import = 139
========================================================================
Received Import Request.
  Time since last request: 0.000010 seconds.
  path: Assets/Opsive/OmniAnimation/Packs/CoreLocomotion/Animations/Original/CrouchWalkStrafeRight.fbx
  artifactKey: Guid(37fadafc1f5a2474b815c8d86b0098fb) Importer(815301076,1909f56bfc062723c751e8b465ee728b)
Start importing Assets/Opsive/OmniAnimation/Packs/CoreLocomotion/Animations/Original/CrouchWalkStrafeRight.fbx using Guid(37fadafc1f5a2474b815c8d86b0098fb) Importer(815301076,1909f56bfc062723c751e8b465ee728b)  -> (artifact id: 'fad024f60ead0e9136b5d289e87116d3') in 0.003089 seconds
Number of updated asset objects reloaded before import = 0
Number of asset objects unloaded after import = 139
========================================================================
Received Import Request.
  Time since last request: 0.000011 seconds.
  path: Assets/Opsive/OmniAnimation/Packs/CoreLocomotion/Animations/Original/StartSprintRight.fbx
  artifactKey: Guid(2623a100d47ec8c4b923f902fec4fe67) Importer(815301076,1909f56bfc062723c751e8b465ee728b)
Start importing Assets/Opsive/OmniAnimation/Packs/CoreLocomotion/Animations/Original/StartSprintRight.fbx using Guid(2623a100d47ec8c4b923f902fec4fe67) Importer(815301076,1909f56bfc062723c751e8b465ee728b)  -> (artifact id: 'a51730d67801a67efea3e628b54bc4c7') in 0.003444 seconds
Number of updated asset objects reloaded before import = 0
Number of asset objects unloaded after import = 139
========================================================================
Received Import Request.
  Time since last request: 0.000010 seconds.
  path: Assets/Opsive/OmniAnimation/Packs/CoreLocomotion/Animations/Original/SprintForwardDiagonalRight.fbx
  artifactKey: Guid(4845b150e53aa1b4ab5b42b8390c234d) Importer(815301076,1909f56bfc062723c751e8b465ee728b)
Start importing Assets/Opsive/OmniAnimation/Packs/CoreLocomotion/Animations/Original/SprintForwardDiagonalRight.fbx using Guid(4845b150e53aa1b4ab5b42b8390c234d) Importer(815301076,1909f56bfc062723c751e8b465ee728b)  -> (artifact id: 'b6bdb369a1e9da2182fec15567fdeb8e') in 0.002857 seconds
Number of updated asset objects reloaded before import = 0
Number of asset objects unloaded after import = 139
========================================================================
Received Import Request.
  Time since last request: 0.000013 seconds.
  path: Assets/Opsive/OmniAnimation/Packs/CoreLocomotion/Animations/Original/RunJumpRight.fbx
  artifactKey: Guid(d2cf396bf78df7d4aa7b7145dfeada21) Importer(815301076,1909f56bfc062723c751e8b465ee728b)
Start importing Assets/Opsive/OmniAnimation/Packs/CoreLocomotion/Animations/Original/RunJumpRight.fbx using Guid(d2cf396bf78df7d4aa7b7145dfeada21) Importer(815301076,1909f56bfc062723c751e8b465ee728b)  -> (artifact id: '8f51239282d575eb2eb90b8f9a5a531c') in 0.003120 seconds
Number of updated asset objects reloaded before import = 0
Number of asset objects unloaded after import = 139
========================================================================
Received Import Request.
  Time since last request: 0.000011 seconds.
  path: Assets/Opsive/OmniAnimation/Packs/CoreLocomotion/Animations/Original/CrouchWalkBackward.fbx
  artifactKey: Guid(d9fb5d07d4422ea459573bea235afd4c) Importer(815301076,1909f56bfc062723c751e8b465ee728b)
Start importing Assets/Opsive/OmniAnimation/Packs/CoreLocomotion/Animations/Original/CrouchWalkBackward.fbx using Guid(d9fb5d07d4422ea459573bea235afd4c) Importer(815301076,1909f56bfc062723c751e8b465ee728b)  -> (artifact id: '1613f08b0f9ff7a3b33d87d886ff5a35') in 0.002841 seconds
Number of updated asset objects reloaded before import = 0
Number of asset objects unloaded after import = 139
========================================================================
Received Import Request.
  Time since last request: 0.000010 seconds.
  path: Assets/Opsive/OmniAnimation/Packs/CoreLocomotion/Animations/Original/StopCrouchRunLeft.fbx
  artifactKey: Guid(6b0c19c1b289b3846a99ed4e177893cf) Importer(815301076,1909f56bfc062723c751e8b465ee728b)
Start importing Assets/Opsive/OmniAnimation/Packs/CoreLocomotion/Animations/Original/StopCrouchRunLeft.fbx using Guid(6b0c19c1b289b3846a99ed4e177893cf) Importer(815301076,1909f56bfc062723c751e8b465ee728b)  -> (artifact id: '443069e618505935170bff6030f16d07') in 0.002651 seconds
Number of updated asset objects reloaded before import = 0
Number of asset objects unloaded after import = 139
========================================================================
Received Import Request.
  Time since last request: 0.000010 seconds.
  path: Assets/Opsive/OmniAnimation/Packs/CoreLocomotion/Animations/Original/IdleJump.fbx
  artifactKey: Guid(b3346507aa15a1f438b62b8c71c8e015) Importer(815301076,1909f56bfc062723c751e8b465ee728b)
Start importing Assets/Opsive/OmniAnimation/Packs/CoreLocomotion/Animations/Original/IdleJump.fbx using Guid(b3346507aa15a1f438b62b8c71c8e015) Importer(815301076,1909f56bfc062723c751e8b465ee728b)  -> (artifact id: 'f2afdcd01290b741d7c917916b644b95') in 0.003016 seconds
Number of updated asset objects reloaded before import = 0
Number of asset objects unloaded after import = 139
========================================================================
Received Import Request.
  Time since last request: 0.000010 seconds.
  path: Assets/Opsive/OmniAnimation/Packs/CoreLocomotion/Animations/Original/StopCrouchWalkLeft.fbx
  artifactKey: Guid(2d53300e1875120499b86a5d946d9c44) Importer(815301076,1909f56bfc062723c751e8b465ee728b)
Start importing Assets/Opsive/OmniAnimation/Packs/CoreLocomotion/Animations/Original/StopCrouchWalkLeft.fbx using Guid(2d53300e1875120499b86a5d946d9c44) Importer(815301076,1909f56bfc062723c751e8b465ee728b)  -> (artifact id: 'f13a365249819def9480f5ab1c4eb6cb') in 0.002783 seconds
Number of updated asset objects reloaded before import = 0
Number of asset objects unloaded after import = 139
========================================================================
Received Import Request.
  Time since last request: 0.000009 seconds.
  path: Assets/Opsive/OmniAnimation/Packs/CoreLocomotion/Animations/Original/CrouchWalkStrafeLeft.fbx
  artifactKey: Guid(0a58008558392e840a874d9d09dcc4f9) Importer(815301076,1909f56bfc062723c751e8b465ee728b)
Start importing Assets/Opsive/OmniAnimation/Packs/CoreLocomotion/Animations/Original/CrouchWalkStrafeLeft.fbx using Guid(0a58008558392e840a874d9d09dcc4f9) Importer(815301076,1909f56bfc062723c751e8b465ee728b)  -> (artifact id: '421351d74741e3ffd650e93422ff10ec') in 0.002722 seconds
Number of updated asset objects reloaded before import = 0
Number of asset objects unloaded after import = 139
========================================================================
Received Import Request.
  Time since last request: 0.000009 seconds.
  path: Assets/Opsive/OmniAnimation/Packs/CoreLocomotion/Animations/Original/WalkForwardDiagonalRight.fbx
  artifactKey: Guid(69cf3d7081d5eeb4eb0babfe8e802978) Importer(815301076,1909f56bfc062723c751e8b465ee728b)
Start importing Assets/Opsive/OmniAnimation/Packs/CoreLocomotion/Animations/Original/WalkForwardDiagonalRight.fbx using Guid(69cf3d7081d5eeb4eb0babfe8e802978) Importer(815301076,1909f56bfc062723c751e8b465ee728b)  -> (artifact id: '2af300190c245a2bd9bd660ed14895ec') in 0.002846 seconds
Number of updated asset objects reloaded before import = 0
Number of asset objects unloaded after import = 139
========================================================================
Received Import Request.
  Time since last request: 0.000015 seconds.
  path: Assets/Opsive/OmniAnimation/Packs/CoreLocomotion/Animations/Original/StopRunLeft.fbx
  artifactKey: Guid(ea3e409ddd2ce64488e2f69b84a8a578) Importer(815301076,1909f56bfc062723c751e8b465ee728b)
Start importing Assets/Opsive/OmniAnimation/Packs/CoreLocomotion/Animations/Original/StopRunLeft.fbx using Guid(ea3e409ddd2ce64488e2f69b84a8a578) Importer(815301076,1909f56bfc062723c751e8b465ee728b)  -> (artifact id: 'bec2928b8deb77a81a66bbcd67f1e508') in 0.003947 seconds
Number of updated asset objects reloaded before import = 0
Number of asset objects unloaded after import = 139
========================================================================
Received Import Request.
  Time since last request: 0.000013 seconds.
  path: Assets/Opsive/OmniAnimation/Packs/CoreLocomotion/Animations/Original/StopCrouchRunRight.fbx
  artifactKey: Guid(9be56c7cca9d4a443bacef9ce3928b31) Importer(815301076,1909f56bfc062723c751e8b465ee728b)
Start importing Assets/Opsive/OmniAnimation/Packs/CoreLocomotion/Animations/Original/StopCrouchRunRight.fbx using Guid(9be56c7cca9d4a443bacef9ce3928b31) Importer(815301076,1909f56bfc062723c751e8b465ee728b)  -> (artifact id: '615818a3f73c81ca623d6ac57b62352a') in 0.003079 seconds
Number of updated asset objects reloaded before import = 0
Number of asset objects unloaded after import = 139
========================================================================
Received Import Request.
  Time since last request: 0.000011 seconds.
  path: Assets/Opsive/OmniAnimation/Packs/CoreLocomotion/Animations/Original/SprintForward.fbx
  artifactKey: Guid(e957a88d73fdc284b8a933f957ad9a4e) Importer(815301076,1909f56bfc062723c751e8b465ee728b)
Start importing Assets/Opsive/OmniAnimation/Packs/CoreLocomotion/Animations/Original/SprintForward.fbx using Guid(e957a88d73fdc284b8a933f957ad9a4e) Importer(815301076,1909f56bfc062723c751e8b465ee728b)  -> (artifact id: 'c47dbad1eef59a63dc0604c8c04b7460') in 0.002600 seconds
Number of updated asset objects reloaded before import = 0
Number of asset objects unloaded after import = 139
========================================================================
Received Import Request.
  Time since last request: 0.000017 seconds.
  path: Assets/Opsive/OmniAnimation/Packs/CoreLocomotion/Animations/Original/CrouchWalkBackwardDiagonalLeft.fbx
  artifactKey: Guid(a8ffb9887d501154dad4435653087d23) Importer(815301076,1909f56bfc062723c751e8b465ee728b)
Start importing Assets/Opsive/OmniAnimation/Packs/CoreLocomotion/Animations/Original/CrouchWalkBackwardDiagonalLeft.fbx using Guid(a8ffb9887d501154dad4435653087d23) Importer(815301076,1909f56bfc062723c751e8b465ee728b)  -> (artifact id: 'dc3c6e7615a37a210cf44fbc94b8522f') in 0.002634 seconds
Number of updated asset objects reloaded before import = 0
Number of asset objects unloaded after import = 139
========================================================================
Received Import Request.
  Time since last request: 0.000010 seconds.
  path: Assets/Opsive/OmniAnimation/Packs/CoreLocomotion/Animations/Original/StartWalkLeft.fbx
  artifactKey: Guid(da08bd0fa888a1440aea2175b4701bad) Importer(815301076,1909f56bfc062723c751e8b465ee728b)
Start importing Assets/Opsive/OmniAnimation/Packs/CoreLocomotion/Animations/Original/StartWalkLeft.fbx using Guid(da08bd0fa888a1440aea2175b4701bad) Importer(815301076,1909f56bfc062723c751e8b465ee728b)  -> (artifact id: '3200bffe0c7fc19f106ad5c275fc49ab') in 0.003219 seconds
Number of updated asset objects reloaded before import = 0
Number of asset objects unloaded after import = 139
========================================================================
Received Import Request.
  Time since last request: 0.000008 seconds.
  path: Assets/Opsive/OmniAnimation/Packs/CoreLocomotion/Animations/Original/RunForwardDiagonalLeft.fbx
  artifactKey: Guid(380ad7914d50bc6409bfecb0da457eec) Importer(815301076,1909f56bfc062723c751e8b465ee728b)
Start importing Assets/Opsive/OmniAnimation/Packs/CoreLocomotion/Animations/Original/RunForwardDiagonalLeft.fbx using Guid(380ad7914d50bc6409bfecb0da457eec) Importer(815301076,1909f56bfc062723c751e8b465ee728b)  -> (artifact id: '09befb4b39ec348c2e1f95701c1a19f2') in 0.002944 seconds
Number of updated asset objects reloaded before import = 0
Number of asset objects unloaded after import = 139
========================================================================
Received Import Request.
  Time since last request: 0.000010 seconds.
  path: Assets/Opsive/OmniAnimation/Packs/CoreLocomotion/Animations/Original/WalkBackward.fbx
  artifactKey: Guid(222e0dfd74ff8154a93d3c8d041f2e00) Importer(815301076,1909f56bfc062723c751e8b465ee728b)
Start importing Assets/Opsive/OmniAnimation/Packs/CoreLocomotion/Animations/Original/WalkBackward.fbx using Guid(222e0dfd74ff8154a93d3c8d041f2e00) Importer(815301076,1909f56bfc062723c751e8b465ee728b)  -> (artifact id: 'd786aa615dc219635962cbe4ba4e7aa9') in 0.003014 seconds
Number of updated asset objects reloaded before import = 0
Number of asset objects unloaded after import = 139
Editor requested this worker to shutdown with reason: Scaling down because of idle timeout
TcpMessagingSession - receive error: operation aborted. errorcode: 995, details: 스레드 종료 또는 응용 프로그램 요청 때문에 I/O 작업이 취소되었습니다.
AssetImportWorker is now disconnected from the server
Process exiting
Exiting without the bug reporter. Application will terminate with return code 0