Using pre-set license
Built from '2022.3/staging' branch; Version is '2022.3.14f1 (eff2de9070d8) revision 15725278'; Using compiler version '192829333'; Build Type 'Release'
OS: 'Windows 11  (10.0.22631) 64bit Core' Language: 'ko' Physical Memory: 16049 MB
BatchMode: 1, IsHumanControllingUs: 0, StartBugReporterOnCrash: 0, Is64bit: 1, IsPro: 1

COMMAND LINE ARGUMENTS:
C:\Program Files\Unity\Hub\Editor\2022.3.14f1\Editor\Unity.exe
-adb2
-batchMode
-noUpm
-name
AssetImportWorker10
-projectPath
E:/Unity/Puzzle/NewNewProject
-logFile
Logs/AssetImportWorker10.log
-srvPort
51049
Successfully changed project path to: E:/Unity/Puzzle/NewNewProject
E:/Unity/Puzzle/NewNewProject
[UnityMemory] Configuration Parameters - Can be set up in boot.config
    "memorysetup-bucket-allocator-granularity=16"
    "memorysetup-bucket-allocator-bucket-count=8"
    "memorysetup-bucket-allocator-block-size=33554432"
    "memorysetup-bucket-allocator-block-count=8"
    "memorysetup-main-allocator-block-size=16777216"
    "memorysetup-thread-allocator-block-size=16777216"
    "memorysetup-gfx-main-allocator-block-size=16777216"
    "memorysetup-gfx-thread-allocator-block-size=16777216"
    "memorysetup-cache-allocator-block-size=4194304"
    "memorysetup-typetree-allocator-block-size=2097152"
    "memorysetup-profiler-bucket-allocator-granularity=16"
    "memorysetup-profiler-bucket-allocator-bucket-count=8"
    "memorysetup-profiler-bucket-allocator-block-size=33554432"
    "memorysetup-profiler-bucket-allocator-block-count=8"
    "memorysetup-profiler-allocator-block-size=16777216"
    "memorysetup-profiler-editor-allocator-block-size=1048576"
    "memorysetup-temp-allocator-size-main=16777216"
    "memorysetup-job-temp-allocator-block-size=2097152"
    "memorysetup-job-temp-allocator-block-size-background=1048576"
    "memorysetup-job-temp-allocator-reduction-small-platforms=262144"
    "memorysetup-allocator-temp-initial-block-size-main=262144"
    "memorysetup-allocator-temp-initial-block-size-worker=262144"
    "memorysetup-temp-allocator-size-background-worker=32768"
    "memorysetup-temp-allocator-size-job-worker=262144"
    "memorysetup-temp-allocator-size-preload-manager=33554432"
    "memorysetup-temp-allocator-size-nav-mesh-worker=65536"
    "memorysetup-temp-allocator-size-audio-worker=65536"
    "memorysetup-temp-allocator-size-cloud-worker=32768"
    "memorysetup-temp-allocator-size-gi-baking-worker=262144"
    "memorysetup-temp-allocator-size-gfx=262144"
Player connection [26668] Host "[IP] 222.118.77.185 [Port] 0 [Flags] 2 [Guid] 2304524335 [EditorId] 2304524335 [Version] 1048832 [Id] WindowsEditor(7,DESKTOP-659L0DJ) [Debug] 1 [PackageName] WindowsEditor [ProjectName] Editor" joined multi-casting on [225.0.0.222:54997]...

Player connection [26668] Host "[IP] 222.118.77.185 [Port] 0 [Flags] 2 [Guid] 2304524335 [EditorId] 2304524335 [Version] 1048832 [Id] WindowsEditor(7,DESKTOP-659L0DJ) [Debug] 1 [PackageName] WindowsEditor [ProjectName] Editor" joined alternative multi-casting on [225.0.0.222:34997]...

[Physics::Module] Initialized MultithreadedJobDispatcher with 19 workers.
Refreshing native plugins compatible for Editor in 7.53 ms, found 1 plugins.
Preloading 0 native plugins for Editor in 0.00 ms.
Initialize engine version: 2022.3.14f1 (eff2de9070d8)
[Subsystems] Discovering subsystems at path C:/Program Files/Unity/Hub/Editor/2022.3.14f1/Editor/Data/Resources/UnitySubsystems
[Subsystems] Discovering subsystems at path E:/Unity/Puzzle/NewNewProject/Assets
GfxDevice: creating device client; threaded=0; jobified=0
Direct3D:
    Version:  Direct3D 11.0 [level 11.1]
    Renderer: NVIDIA GeForce RTX 3060 Laptop GPU (ID=0x2520)
    Vendor:   NVIDIA
    VRAM:     5996 MB
    Driver:   32.0.15.6109
Initialize mono
Mono path[0] = 'C:/Program Files/Unity/Hub/Editor/2022.3.14f1/Editor/Data/Managed'
Mono path[1] = 'C:/Program Files/Unity/Hub/Editor/2022.3.14f1/Editor/Data/MonoBleedingEdge/lib/mono/unityjit-win32'
Mono config path = 'C:/Program Files/Unity/Hub/Editor/2022.3.14f1/Editor/Data/MonoBleedingEdge/etc'
Using monoOptions --debugger-agent=transport=dt_socket,embedding=1,server=y,suspend=n,address=127.0.0.1:56004
Begin MonoManager ReloadAssembly
Registering precompiled unity dll's ...
Register platform support module: C:/Program Files/Unity/Hub/Editor/2022.3.14f1/Editor/Data/PlaybackEngines/WindowsStandaloneSupport/UnityEditor.WindowsStandalone.Extensions.dll
Registered in 0.004829 seconds.
- Loaded All Assemblies, in  0.252 seconds
Native extension for WindowsStandalone target not found
Mono: successfully reloaded assembly
- Finished resetting the current domain, in  0.191 seconds
Domain Reload Profiling: 442ms
	BeginReloadAssembly (79ms)
		ExecutionOrderSort (0ms)
		DisableScriptedObjects (0ms)
		BackupInstance (0ms)
		ReleaseScriptingObjects (0ms)
		CreateAndSetChildDomain (1ms)
	RebuildCommonClasses (24ms)
	RebuildNativeTypeToScriptingClass (7ms)
	initialDomainReloadingComplete (42ms)
	LoadAllAssembliesAndSetupDomain (98ms)
		LoadAssemblies (78ms)
		RebuildTransferFunctionScriptingTraits (0ms)
		AnalyzeDomain (97ms)
			TypeCache.Refresh (96ms)
				TypeCache.ScanAssembly (86ms)
			ScanForSourceGeneratedMonoScriptInfo (0ms)
			ResolveRequiredComponents (0ms)
	FinalizeReload (192ms)
		ReleaseScriptCaches (0ms)
		RebuildScriptCaches (0ms)
		SetupLoadedEditorAssemblies (150ms)
			LogAssemblyErrors (0ms)
			InitializePlatformSupportModulesInManaged (7ms)
			SetLoadedEditorAssemblies (6ms)
			RefreshPlugins (0ms)
			BeforeProcessingInitializeOnLoad (2ms)
			ProcessInitializeOnLoadAttributes (99ms)
			ProcessInitializeOnLoadMethodAttributes (37ms)
			AfterProcessingInitializeOnLoad (0ms)
			EditorAssembliesLoaded (0ms)
		ExecutionOrderSort2 (0ms)
		AwakeInstancesAfterBackupRestoration (0ms)
========================================================================
Worker process is ready to serve import requests
Begin MonoManager ReloadAssembly
- Loaded All Assemblies, in  0.405 seconds
Refreshing native plugins compatible for Editor in 1.67 ms, found 1 plugins.
Native extension for WindowsStandalone target not found
Mono: successfully reloaded assembly
- Finished resetting the current domain, in  0.335 seconds
Domain Reload Profiling: 738ms
	BeginReloadAssembly (108ms)
		ExecutionOrderSort (0ms)
		DisableScriptedObjects (4ms)
		BackupInstance (0ms)
		ReleaseScriptingObjects (0ms)
		CreateAndSetChildDomain (16ms)
	RebuildCommonClasses (26ms)
	RebuildNativeTypeToScriptingClass (9ms)
	initialDomainReloadingComplete (30ms)
	LoadAllAssembliesAndSetupDomain (231ms)
		LoadAssemblies (187ms)
		RebuildTransferFunctionScriptingTraits (0ms)
		AnalyzeDomain (107ms)
			TypeCache.Refresh (88ms)
				TypeCache.ScanAssembly (80ms)
			ScanForSourceGeneratedMonoScriptInfo (12ms)
			ResolveRequiredComponents (5ms)
	FinalizeReload (335ms)
		ReleaseScriptCaches (0ms)
		RebuildScriptCaches (0ms)
		SetupLoadedEditorAssemblies (231ms)
			LogAssemblyErrors (0ms)
			InitializePlatformSupportModulesInManaged (4ms)
			SetLoadedEditorAssemblies (4ms)
			RefreshPlugins (0ms)
			BeforeProcessingInitializeOnLoad (42ms)
			ProcessInitializeOnLoadAttributes (159ms)
			ProcessInitializeOnLoadMethodAttributes (17ms)
			AfterProcessingInitializeOnLoad (4ms)
			EditorAssembliesLoaded (0ms)
		ExecutionOrderSort2 (0ms)
		AwakeInstancesAfterBackupRestoration (4ms)
Launched and connected shader compiler UnityShaderCompiler.exe after 0.04 seconds
Refreshing native plugins compatible for Editor in 1.49 ms, found 1 plugins.
Preloading 0 native plugins for Editor in 0.00 ms.
Unloading 3083 Unused Serialized files (Serialized files now loaded: 0)
Unloading 33 unused Assets / (55.8 KB). Loaded Objects now: 3550.
Memory consumption went from 133.2 MB to 133.1 MB.
Total: 2.423800 ms (FindLiveObjects: 0.156500 ms CreateObjectMapping: 0.061400 ms MarkObjects: 2.092500 ms  DeleteObjects: 0.112500 ms)

AssetImportParameters requested are different than current active one (requested -> active):
  custom:container-demuxer-ogg: 62fdf1f143b41e24485cea50d1cbac27 -> 
  custom:video-codec-MediaFoundation-h265: 746d11721c4dcdbdad8f713fa42b33f4 -> 
  custom:video-decoder-ogg-theora: a1e56fd34408186e4bbccfd4996cb3dc -> 
  custom:framework-win-MediaFoundation: 216162199b28c13a410421893ffa2e32 -> 
  custom:CustomObjectIndexerAttribute: 756ad292c208cfabdd7b50bc23989ffe -> 
  custom:container-demuxer-webm: 4f35f7cbe854078d1ac9338744f61a02 -> 
  custom:container-muxer-webm: aa71ff27fc2769a1b78a27578f13a17b -> 
  custom:video-decoder-webm-vp8: 9c59270c3fd7afecdb556c50c9e8de78 -> 
  custom:SearchIndexIgnoredProperties: e643bd26f0fe6173181afceb89e7c659 -> 
  custom:AudioImporter_EditorPlatform: d09bf68614088b80899f8185d706f6e7 -> 
  custom:video-encoder-webm-vp8: eb34c28f22e8b96e1ab97ce403110664 -> 
  custom:audio-decoder-ogg-vorbis: bf7c407c2cedff20999df2af8eb42d56 -> 
  custom:audio-encoder-webm-vorbis: bf7c407c2cedff20999df2af8eb42d56 -> 
========================================================================
Received Import Request.
  Time since last request: 39193.267674 seconds.
  path: Assets/SyntyStudios/PolygonCity/Prefabs/Characters/Character_Female_Jacket_01.prefab
  artifactKey: Guid(841e8e4f1a54c754396b7559d1cc6fad) Importer(815301076,1909f56bfc062723c751e8b465ee728b)
Start importing Assets/SyntyStudios/PolygonCity/Prefabs/Characters/Character_Female_Jacket_01.prefab using Guid(841e8e4f1a54c754396b7559d1cc6fad) Importer(815301076,1909f56bfc062723c751e8b465ee728b)  -> (artifact id: '2eb11ac728dbc2c17022d3dc8d6972ab') in 0.174798 seconds
Number of updated asset objects reloaded before import = 0
Number of asset objects unloaded after import = 145
========================================================================
Received Import Request.
  Time since last request: 0.000021 seconds.
  path: Assets/SyntyStudios/PolygonCity/Prefabs/Environments/SM_Env_GrassPath_Junction_01.prefab
  artifactKey: Guid(b6b1bafe204782c43804e201982d350e) Importer(815301076,1909f56bfc062723c751e8b465ee728b)
Start importing Assets/SyntyStudios/PolygonCity/Prefabs/Environments/SM_Env_GrassPath_Junction_01.prefab using Guid(b6b1bafe204782c43804e201982d350e) Importer(815301076,1909f56bfc062723c751e8b465ee728b)  -> (artifact id: '310fd9e5c0bb20357dfaeaf0ca6dda91') in 0.031598 seconds
Number of updated asset objects reloaded before import = 0
Number of asset objects unloaded after import = 13
========================================================================
Received Import Request.
  Time since last request: 0.000025 seconds.
  path: Assets/SyntyStudios/PolygonCity/Models/Collisions/SM_Env_GrassPath_Junction_01_Convex.asset
  artifactKey: Guid(9101e64b69baa124ab9ec2c8b6e3ffa2) Importer(815301076,1909f56bfc062723c751e8b465ee728b)
Start importing Assets/SyntyStudios/PolygonCity/Models/Collisions/SM_Env_GrassPath_Junction_01_Convex.asset using Guid(9101e64b69baa124ab9ec2c8b6e3ffa2) Importer(815301076,1909f56bfc062723c751e8b465ee728b)  -> (artifact id: '665ec78371545ae0b1d47d8742d51ac7') in 0.032386 seconds
Number of updated asset objects reloaded before import = 0
Number of asset objects unloaded after import = 3
========================================================================
Received Import Request.
  Time since last request: 0.000018 seconds.
  path: Assets/Opsive/OmniAnimation/Packs/CoreLocomotion/Animations/TPose/RunJumpLeft.fbx
  artifactKey: Guid(6685014644a81fa4e9fadc2f0e8f9f20) Importer(815301076,1909f56bfc062723c751e8b465ee728b)
Start importing Assets/Opsive/OmniAnimation/Packs/CoreLocomotion/Animations/TPose/RunJumpLeft.fbx using Guid(6685014644a81fa4e9fadc2f0e8f9f20) Importer(815301076,1909f56bfc062723c751e8b465ee728b)  -> (artifact id: 'd10945440c4308d020ab943932fe6b69') in 0.005323 seconds
Number of updated asset objects reloaded before import = 0
Number of asset objects unloaded after import = 141
========================================================================
Received Import Request.
  Time since last request: 0.000014 seconds.
  path: Assets/SyntyStudios/PolygonCity/Prefabs/Characters/Character_Male_Jacket_01.prefab
  artifactKey: Guid(5f6cbb0f4dd572e47ab1ee6c2a3a36d1) Importer(815301076,1909f56bfc062723c751e8b465ee728b)
Start importing Assets/SyntyStudios/PolygonCity/Prefabs/Characters/Character_Male_Jacket_01.prefab using Guid(5f6cbb0f4dd572e47ab1ee6c2a3a36d1) Importer(815301076,1909f56bfc062723c751e8b465ee728b)  -> (artifact id: '579c9605e412c9f3364e5aaebfff4cac') in 0.034159 seconds
Number of updated asset objects reloaded before import = 0
Number of asset objects unloaded after import = 145
========================================================================
Received Import Request.
  Time since last request: 0.000019 seconds.
  path: Assets/Opsive/OmniAnimation/Packs/Shared/Textures/Joints_AlbedoTransparency.png
  artifactKey: Guid(335b50b44fbcf95428cf70ad15b8d5a2) Importer(815301076,1909f56bfc062723c751e8b465ee728b)
Start importing Assets/Opsive/OmniAnimation/Packs/Shared/Textures/Joints_AlbedoTransparency.png using Guid(335b50b44fbcf95428cf70ad15b8d5a2) Importer(815301076,1909f56bfc062723c751e8b465ee728b)  -> (artifact id: '08fb90e60e66a1c388c3e88a14b8c7b1') in 0.035652 seconds
Number of updated asset objects reloaded before import = 0
Number of asset objects unloaded after import = 2
========================================================================
Received Import Request.
  Time since last request: 0.000017 seconds.
  path: Assets/Photon/PhotonChat/Demos/DemoChat/Files/Jura-Medium.ttf
  artifactKey: Guid(5abfb0a229c98b3499cffa6c59c2ffb4) Importer(815301076,1909f56bfc062723c751e8b465ee728b)
Start importing Assets/Photon/PhotonChat/Demos/DemoChat/Files/Jura-Medium.ttf using Guid(5abfb0a229c98b3499cffa6c59c2ffb4) Importer(815301076,1909f56bfc062723c751e8b465ee728b)  -> (artifact id: 'c45eddd4f2567b1708ad477eb06d3125') in 0.055953 seconds
Number of updated asset objects reloaded before import = 0
Number of asset objects unloaded after import = 4
========================================================================
Received Import Request.
  Time since last request: 0.000021 seconds.
  path: Assets/Photon/PhotonUnityNetworking/Demos/Shared Assets/Skin/Jura-Flat-Material.mat
  artifactKey: Guid(c190da5d14d0e904ba512abe82018576) Importer(815301076,1909f56bfc062723c751e8b465ee728b)
Start importing Assets/Photon/PhotonUnityNetworking/Demos/Shared Assets/Skin/Jura-Flat-Material.mat using Guid(c190da5d14d0e904ba512abe82018576) Importer(815301076,1909f56bfc062723c751e8b465ee728b)  -> (artifact id: 'fae5d20e1d607d521ffa026fb717473e') in 0.013402 seconds
Number of updated asset objects reloaded before import = 0
Number of asset objects unloaded after import = 2
========================================================================
Received Import Request.
  Time since last request: 0.000016 seconds.
  path: Assets/Opsive/OmniAnimation/Packs/CoreLocomotion/Animations/TPose/RunJumpRight.fbx
  artifactKey: Guid(cb82b86e6d0b4ca4b874c9ca7435feb1) Importer(815301076,1909f56bfc062723c751e8b465ee728b)
Start importing Assets/Opsive/OmniAnimation/Packs/CoreLocomotion/Animations/TPose/RunJumpRight.fbx using Guid(cb82b86e6d0b4ca4b874c9ca7435feb1) Importer(815301076,1909f56bfc062723c751e8b465ee728b)  -> (artifact id: 'db00c9e590110e4ae48ccd132ba3ef2e') in 0.004785 seconds
Number of updated asset objects reloaded before import = 0
Number of asset objects unloaded after import = 141
========================================================================
Received Import Request.
  Time since last request: 0.000016 seconds.
  path: Assets/SyntyStudios/PolygonCity/Models/SM_Env_GrassPath_Junction_01.fbx
  artifactKey: Guid(e76b994765a9bd24da1b215505b251a1) Importer(815301076,1909f56bfc062723c751e8b465ee728b)
Start importing Assets/SyntyStudios/PolygonCity/Models/SM_Env_GrassPath_Junction_01.fbx using Guid(e76b994765a9bd24da1b215505b251a1) Importer(815301076,1909f56bfc062723c751e8b465ee728b)  -> (artifact id: '0fbf28018695445dd794890d52491b57') in 0.020207 seconds
Number of updated asset objects reloaded before import = 0
Number of asset objects unloaded after import = 7
========================================================================
Received Import Request.
  Time since last request: 0.000022 seconds.
  path: Assets/SyntyStudios/PolygonPrototype/Materials/Triplanar_ObjectSpace/PolygonPrototype_Glass_Object.mat
  artifactKey: Guid(988c2e2fad5caf64788ccfa98656d40d) Importer(815301076,1909f56bfc062723c751e8b465ee728b)
Start importing Assets/SyntyStudios/PolygonPrototype/Materials/Triplanar_ObjectSpace/PolygonPrototype_Glass_Object.mat using Guid(988c2e2fad5caf64788ccfa98656d40d) Importer(815301076,1909f56bfc062723c751e8b465ee728b)  -> (artifact id: '9860f465fc8956e6aad8ba668a8bae3b') in 0.224460 seconds
Number of updated asset objects reloaded before import = 0
Number of asset objects unloaded after import = 1
========================================================================
Received Import Request.
  Time since last request: 130.185594 seconds.
  path: Assets/Opsive/OmniAnimation/Packs/Shared/Models/Atlas_OmniAnimation.fbx
  artifactKey: Guid(c279129770679ff4bbb48776ebc65c2e) Importer(815301076,1909f56bfc062723c751e8b465ee728b)
Start importing Assets/Opsive/OmniAnimation/Packs/Shared/Models/Atlas_OmniAnimation.fbx using Guid(c279129770679ff4bbb48776ebc65c2e) Importer(815301076,1909f56bfc062723c751e8b465ee728b)  -> (artifact id: '5946101b13729440cdd724dbd4eb4b39') in 0.076015 seconds
Number of updated asset objects reloaded before import = 0
Number of asset objects unloaded after import = 118
========================================================================
Received Import Request.
  Time since last request: 2.237910 seconds.
  path: Assets/SyntyStudios/PolygonCity/Prefabs/Characters/FixedScaleCharacters/Character_BusinessMan_Shirt.prefab
  artifactKey: Guid(7851e97aa32f5474f92b61e3e4988c1a) Importer(815301076,1909f56bfc062723c751e8b465ee728b)
Start importing Assets/SyntyStudios/PolygonCity/Prefabs/Characters/FixedScaleCharacters/Character_BusinessMan_Shirt.prefab using Guid(7851e97aa32f5474f92b61e3e4988c1a) Importer(815301076,1909f56bfc062723c751e8b465ee728b)  -> (artifact id: 'bd4e0308dd42da03be97a2e5a73dbd97') in 0.029330 seconds
Number of updated asset objects reloaded before import = 0
Number of asset objects unloaded after import = 145
========================================================================
Received Import Request.
  Time since last request: 0.191258 seconds.
  path: Assets/SyntyStudios/PolygonCity/Prefabs/Characters/FixedScaleCharacters/Character_BusinessMan_Suit.prefab
  artifactKey: Guid(1aeb5bfabdcdbcd4583e83139d952b1d) Importer(815301076,1909f56bfc062723c751e8b465ee728b)
Start importing Assets/SyntyStudios/PolygonCity/Prefabs/Characters/FixedScaleCharacters/Character_BusinessMan_Suit.prefab using Guid(1aeb5bfabdcdbcd4583e83139d952b1d) Importer(815301076,1909f56bfc062723c751e8b465ee728b)  -> (artifact id: '258b1d9d357e22f1c4d0ccf25aadaa6f') in 0.026427 seconds
Number of updated asset objects reloaded before import = 0
Number of asset objects unloaded after import = 145
========================================================================
Received Import Request.
  Time since last request: 0.000014 seconds.
  path: Assets/SyntyStudios/PolygonCity/Prefabs/Characters/FixedScaleCharacters/Character_BusinessWoman.prefab
  artifactKey: Guid(c0f44381dd01e904c87fad2431087f45) Importer(815301076,1909f56bfc062723c751e8b465ee728b)
Start importing Assets/SyntyStudios/PolygonCity/Prefabs/Characters/FixedScaleCharacters/Character_BusinessWoman.prefab using Guid(c0f44381dd01e904c87fad2431087f45) Importer(815301076,1909f56bfc062723c751e8b465ee728b)  -> (artifact id: 'fbde03667dd7d894c46cc360071084a7') in 0.024709 seconds
Number of updated asset objects reloaded before import = 0
Number of asset objects unloaded after import = 145
========================================================================
Received Import Request.
  Time since last request: 0.000015 seconds.
  path: Assets/SyntyStudios/PolygonPrototype/Prefabs/Characters/Character_Dummy_Female_01.prefab
  artifactKey: Guid(8dbb22b9d53a7664b8619d4c6888d92f) Importer(815301076,1909f56bfc062723c751e8b465ee728b)
Start importing Assets/SyntyStudios/PolygonPrototype/Prefabs/Characters/Character_Dummy_Female_01.prefab using Guid(8dbb22b9d53a7664b8619d4c6888d92f) Importer(815301076,1909f56bfc062723c751e8b465ee728b)  -> (artifact id: '00c08d1a0cfdf8ce69931fe54ed047f1') in 0.036068 seconds
Number of updated asset objects reloaded before import = 0
Number of asset objects unloaded after import = 130
========================================================================
Received Import Request.
  Time since last request: 0.000019 seconds.
  path: Assets/SyntyStudios/PolygonPrototype/Prefabs/Characters/FixedScale/Character_Dummy_Female_01_FixedScale.prefab
  artifactKey: Guid(c25ecc65e2662d6468bcba4b42a1ab5e) Importer(815301076,1909f56bfc062723c751e8b465ee728b)
Start importing Assets/SyntyStudios/PolygonPrototype/Prefabs/Characters/FixedScale/Character_Dummy_Female_01_FixedScale.prefab using Guid(c25ecc65e2662d6468bcba4b42a1ab5e) Importer(815301076,1909f56bfc062723c751e8b465ee728b)  -> (artifact id: 'aa1ccf7d8db3e5cc1d81bd3216d52044') in 0.037709 seconds
Number of updated asset objects reloaded before import = 0
Number of asset objects unloaded after import = 148
========================================================================
Received Import Request.
  Time since last request: 0.122721 seconds.
  path: Assets/SyntyStudios/PolygonCity/Prefabs/Characters/FixedScaleCharacters/Character_Female_Coat.prefab
  artifactKey: Guid(83139230f1d12e941a1a4fe3717b6561) Importer(815301076,1909f56bfc062723c751e8b465ee728b)
Start importing Assets/SyntyStudios/PolygonCity/Prefabs/Characters/FixedScaleCharacters/Character_Female_Coat.prefab using Guid(83139230f1d12e941a1a4fe3717b6561) Importer(815301076,1909f56bfc062723c751e8b465ee728b)  -> (artifact id: 'e5615d930a60b91dbcab6a54118b58f5') in 0.022523 seconds
Number of updated asset objects reloaded before import = 0
Number of asset objects unloaded after import = 145
========================================================================
Received Import Request.
  Time since last request: 0.000024 seconds.
  path: Assets/SyntyStudios/PolygonPrototype/Prefabs/Characters/Character_Female_Face_01.prefab
  artifactKey: Guid(538090c735358e94db8b3f02fda66106) Importer(815301076,1909f56bfc062723c751e8b465ee728b)
Start importing Assets/SyntyStudios/PolygonPrototype/Prefabs/Characters/Character_Female_Face_01.prefab using Guid(538090c735358e94db8b3f02fda66106) Importer(815301076,1909f56bfc062723c751e8b465ee728b)  -> (artifact id: 'b0c638480830ddde3b259aa59c915dc5') in 0.032101 seconds
Number of updated asset objects reloaded before import = 0
Number of asset objects unloaded after import = 136
========================================================================
Received Import Request.
  Time since last request: 0.189397 seconds.
  path: Assets/SyntyStudios/PolygonCity/Prefabs/Characters/FixedScaleCharacters/Character_Female_Police.prefab
  artifactKey: Guid(6aadac4ba6f145a48863dc87f16916d6) Importer(815301076,1909f56bfc062723c751e8b465ee728b)
Start importing Assets/SyntyStudios/PolygonCity/Prefabs/Characters/FixedScaleCharacters/Character_Female_Police.prefab using Guid(6aadac4ba6f145a48863dc87f16916d6) Importer(815301076,1909f56bfc062723c751e8b465ee728b)  -> (artifact id: 'c6ac5a1827849baf403b6472874f75a3') in 0.024654 seconds
Number of updated asset objects reloaded before import = 0
Number of asset objects unloaded after import = 145
========================================================================
Received Import Request.
  Time since last request: 0.000014 seconds.
  path: Assets/SyntyStudios/PolygonPrototype/Prefabs/Character_FPS_Hands/FiveFinger/Character_FPS_Arms_FiveFinger_01.prefab
  artifactKey: Guid(cf8e268b32ddbee488f1327f1fd8c5d9) Importer(815301076,1909f56bfc062723c751e8b465ee728b)
Start importing Assets/SyntyStudios/PolygonPrototype/Prefabs/Character_FPS_Hands/FiveFinger/Character_FPS_Arms_FiveFinger_01.prefab using Guid(cf8e268b32ddbee488f1327f1fd8c5d9) Importer(815301076,1909f56bfc062723c751e8b465ee728b)  -> (artifact id: '809ba8e225515c3624e829231a6dfd98') in 0.023843 seconds
Number of updated asset objects reloaded before import = 0
Number of asset objects unloaded after import = 154
========================================================================
Received Import Request.
  Time since last request: 0.000018 seconds.
  path: Assets/SyntyStudios/PolygonPrototype/Prefabs/Character_FPS_Hands/FiveFinger/Character_FPS_Arms_FiveFinger_02.prefab
  artifactKey: Guid(be265e142a7ab1a40b4e9367488943f9) Importer(815301076,1909f56bfc062723c751e8b465ee728b)
Start importing Assets/SyntyStudios/PolygonPrototype/Prefabs/Character_FPS_Hands/FiveFinger/Character_FPS_Arms_FiveFinger_02.prefab using Guid(be265e142a7ab1a40b4e9367488943f9) Importer(815301076,1909f56bfc062723c751e8b465ee728b)  -> (artifact id: '4070311242f091f9c7cf0970db252d74') in 0.018531 seconds
Number of updated asset objects reloaded before import = 0
Number of asset objects unloaded after import = 154
========================================================================
Received Import Request.
  Time since last request: 0.185701 seconds.
  path: Assets/SyntyStudios/PolygonPrototype/Prefabs/Character_FPS_Hands/Standard/Character_FPS_Arms_Standard_02.prefab
  artifactKey: Guid(dbf18624c8b697a48bf91f3016035764) Importer(815301076,1909f56bfc062723c751e8b465ee728b)
Start importing Assets/SyntyStudios/PolygonPrototype/Prefabs/Character_FPS_Hands/Standard/Character_FPS_Arms_Standard_02.prefab using Guid(dbf18624c8b697a48bf91f3016035764) Importer(815301076,1909f56bfc062723c751e8b465ee728b)  -> (artifact id: '398a1593f79fabbb550a2df138328c87') in 0.022906 seconds
Number of updated asset objects reloaded before import = 0
Number of asset objects unloaded after import = 122
========================================================================
Received Import Request.
  Time since last request: 0.000013 seconds.
  path: Assets/SyntyStudios/PolygonPrototype/Prefabs/Character_FPS_Hands/Standard/Character_FPS_Arms_Standard_03.prefab
  artifactKey: Guid(664956de28ada604d8109484559e4751) Importer(815301076,1909f56bfc062723c751e8b465ee728b)
Start importing Assets/SyntyStudios/PolygonPrototype/Prefabs/Character_FPS_Hands/Standard/Character_FPS_Arms_Standard_03.prefab using Guid(664956de28ada604d8109484559e4751) Importer(815301076,1909f56bfc062723c751e8b465ee728b)  -> (artifact id: '7d8b28a06c43d6f68e3790e3df4fe36a') in 0.018940 seconds
Number of updated asset objects reloaded before import = 0
Number of asset objects unloaded after import = 122
========================================================================
Received Import Request.
  Time since last request: 0.002167 seconds.
  path: Assets/SyntyStudios/PolygonKnights/Prefabs/Characters/Character_Knight_01_Black.prefab
  artifactKey: Guid(507f5dc602b42c549a32a51aa9236bb1) Importer(815301076,1909f56bfc062723c751e8b465ee728b)
Start importing Assets/SyntyStudios/PolygonKnights/Prefabs/Characters/Character_Knight_01_Black.prefab using Guid(507f5dc602b42c549a32a51aa9236bb1) Importer(815301076,1909f56bfc062723c751e8b465ee728b)  -> (artifact id: '2a5ee9bd40b6b7eb8aa3cde4e1c401d6') in 0.032305 seconds
Number of updated asset objects reloaded before import = 0
Number of asset objects unloaded after import = 176
========================================================================
Received Import Request.
  Time since last request: 0.981432 seconds.
  path: Assets/SyntyStudios/PolygonKnights/Prefabs/Characters/Character_Knight_01_Blue.prefab
  artifactKey: Guid(b81ba67e44b1b174d9ef4491f146ee35) Importer(815301076,1909f56bfc062723c751e8b465ee728b)
Start importing Assets/SyntyStudios/PolygonKnights/Prefabs/Characters/Character_Knight_01_Blue.prefab using Guid(b81ba67e44b1b174d9ef4491f146ee35) Importer(815301076,1909f56bfc062723c751e8b465ee728b)  -> (artifact id: '62a5c488b1044cc017d8498c2828c67b') in 0.021689 seconds
Number of updated asset objects reloaded before import = 0
Number of asset objects unloaded after import = 176
========================================================================
Received Import Request.
  Time since last request: 0.004503 seconds.
  path: Assets/SyntyStudios/PolygonKnights/Prefabs/Characters/FixedScaleCharacters/Character_Knight_01_Blue_FixedScale.prefab
  artifactKey: Guid(2b742818ae249a64dad8ff314e13200c) Importer(815301076,1909f56bfc062723c751e8b465ee728b)
Start importing Assets/SyntyStudios/PolygonKnights/Prefabs/Characters/FixedScaleCharacters/Character_Knight_01_Blue_FixedScale.prefab using Guid(2b742818ae249a64dad8ff314e13200c) Importer(815301076,1909f56bfc062723c751e8b465ee728b)  -> (artifact id: '6aba75b34d856312906ef79fd52d838b') in 0.019215 seconds
Number of updated asset objects reloaded before import = 0
Number of asset objects unloaded after import = 178
========================================================================
Received Import Request.
  Time since last request: 0.003596 seconds.
  path: Assets/SyntyStudios/PolygonKnights/Prefabs/Characters/FixedScaleCharacters/Character_Knight_01_Orange_FixedScale.prefab
  artifactKey: Guid(54fee8e3fe360674bb840654a1856247) Importer(815301076,1909f56bfc062723c751e8b465ee728b)
Start importing Assets/SyntyStudios/PolygonKnights/Prefabs/Characters/FixedScaleCharacters/Character_Knight_01_Orange_FixedScale.prefab using Guid(54fee8e3fe360674bb840654a1856247) Importer(815301076,1909f56bfc062723c751e8b465ee728b)  -> (artifact id: 'c71a52cc603e6853a109e498a6585f52') in 0.021476 seconds
Number of updated asset objects reloaded before import = 0
Number of asset objects unloaded after import = 178
========================================================================
Received Import Request.
  Time since last request: 0.202800 seconds.
  path: Assets/SyntyStudios/PolygonKnights/Prefabs/Characters/Character_Knight_02_Black.prefab
  artifactKey: Guid(f9d38fed7b251cb4f9546516bfaa11c3) Importer(815301076,1909f56bfc062723c751e8b465ee728b)
Start importing Assets/SyntyStudios/PolygonKnights/Prefabs/Characters/Character_Knight_02_Black.prefab using Guid(f9d38fed7b251cb4f9546516bfaa11c3) Importer(815301076,1909f56bfc062723c751e8b465ee728b)  -> (artifact id: '9fa86ac36cb242cafb57d7ce81a2a88e') in 0.016761 seconds
Number of updated asset objects reloaded before import = 0
Number of asset objects unloaded after import = 178
========================================================================
Received Import Request.
  Time since last request: 0.000014 seconds.
  path: Assets/SyntyStudios/PolygonKnights/Prefabs/Characters/Character_Knight_02_Blue.prefab
  artifactKey: Guid(7320372aefdc71442a2cf8b68a738f3b) Importer(815301076,1909f56bfc062723c751e8b465ee728b)
Start importing Assets/SyntyStudios/PolygonKnights/Prefabs/Characters/Character_Knight_02_Blue.prefab using Guid(7320372aefdc71442a2cf8b68a738f3b) Importer(815301076,1909f56bfc062723c751e8b465ee728b)  -> (artifact id: '8dc0a6a2446028ae490b973d54a4aa57') in 0.019478 seconds
Number of updated asset objects reloaded before import = 0
Number of asset objects unloaded after import = 178
========================================================================
Received Import Request.
  Time since last request: 0.012250 seconds.
  path: Assets/SyntyStudios/PolygonKnights/Prefabs/Characters/Character_Knight_02_Orange.prefab
  artifactKey: Guid(2f4930b22c943444e856b508d62919b2) Importer(815301076,1909f56bfc062723c751e8b465ee728b)
Start importing Assets/SyntyStudios/PolygonKnights/Prefabs/Characters/Character_Knight_02_Orange.prefab using Guid(2f4930b22c943444e856b508d62919b2) Importer(815301076,1909f56bfc062723c751e8b465ee728b)  -> (artifact id: '36f5273946948e5a514e1109d32d3fe2') in 0.018089 seconds
Number of updated asset objects reloaded before import = 0
Number of asset objects unloaded after import = 178
========================================================================
Received Import Request.
  Time since last request: 0.194326 seconds.
  path: Assets/SyntyStudios/PolygonKnights/Prefabs/Characters/Character_Knight_02_Yellow.prefab
  artifactKey: Guid(b2d86ece2910c424eb07c39d2772e780) Importer(815301076,1909f56bfc062723c751e8b465ee728b)
Start importing Assets/SyntyStudios/PolygonKnights/Prefabs/Characters/Character_Knight_02_Yellow.prefab using Guid(b2d86ece2910c424eb07c39d2772e780) Importer(815301076,1909f56bfc062723c751e8b465ee728b)  -> (artifact id: 'e8a3d5d755ea9ca45ba6054f1a1662fc') in 0.019232 seconds
Number of updated asset objects reloaded before import = 0
Number of asset objects unloaded after import = 176
========================================================================
Received Import Request.
  Time since last request: 0.007305 seconds.
  path: Assets/SyntyStudios/PolygonKnights/Prefabs/Characters/Character_Knight_03_Black.prefab
  artifactKey: Guid(8f6b0c88789bc024189afa8e609cf122) Importer(815301076,1909f56bfc062723c751e8b465ee728b)
Start importing Assets/SyntyStudios/PolygonKnights/Prefabs/Characters/Character_Knight_03_Black.prefab using Guid(8f6b0c88789bc024189afa8e609cf122) Importer(815301076,1909f56bfc062723c751e8b465ee728b)  -> (artifact id: '88e341ec96407a1534e983260a953cb7') in 0.018931 seconds
Number of updated asset objects reloaded before import = 0
Number of asset objects unloaded after import = 178
========================================================================
Received Import Request.
  Time since last request: 0.000014 seconds.
  path: Assets/SyntyStudios/PolygonKnights/Prefabs/Characters/Character_Knight_03_Blue.prefab
  artifactKey: Guid(a62e0ab0f0837ca48adf4710699a7e91) Importer(815301076,1909f56bfc062723c751e8b465ee728b)
Start importing Assets/SyntyStudios/PolygonKnights/Prefabs/Characters/Character_Knight_03_Blue.prefab using Guid(a62e0ab0f0837ca48adf4710699a7e91) Importer(815301076,1909f56bfc062723c751e8b465ee728b)  -> (artifact id: '03f4aa1eea2f10870d56714fc9e8f64a') in 0.019371 seconds
Number of updated asset objects reloaded before import = 0
Number of asset objects unloaded after import = 178
========================================================================
Received Prepare
Begin MonoManager ReloadAssembly
- Loaded All Assemblies, in  0.294 seconds
Refreshing native plugins compatible for Editor in 1.85 ms, found 1 plugins.
Native extension for WindowsStandalone target not found
Mono: successfully reloaded assembly
- Finished resetting the current domain, in  0.471 seconds
Domain Reload Profiling: 765ms
	BeginReloadAssembly (111ms)
		ExecutionOrderSort (0ms)
		DisableScriptedObjects (4ms)
		BackupInstance (0ms)
		ReleaseScriptingObjects (0ms)
		CreateAndSetChildDomain (21ms)
	RebuildCommonClasses (24ms)
	RebuildNativeTypeToScriptingClass (8ms)
	initialDomainReloadingComplete (23ms)
	LoadAllAssembliesAndSetupDomain (128ms)
		LoadAssemblies (179ms)
		RebuildTransferFunctionScriptingTraits (0ms)
		AnalyzeDomain (10ms)
			TypeCache.Refresh (4ms)
				TypeCache.ScanAssembly (0ms)
			ScanForSourceGeneratedMonoScriptInfo (0ms)
			ResolveRequiredComponents (5ms)
	FinalizeReload (471ms)
		ReleaseScriptCaches (0ms)
		RebuildScriptCaches (0ms)
		SetupLoadedEditorAssemblies (196ms)
			LogAssemblyErrors (0ms)
			InitializePlatformSupportModulesInManaged (5ms)
			SetLoadedEditorAssemblies (2ms)
			RefreshPlugins (0ms)
			BeforeProcessingInitializeOnLoad (44ms)
			ProcessInitializeOnLoadAttributes (120ms)
			ProcessInitializeOnLoadMethodAttributes (19ms)
			AfterProcessingInitializeOnLoad (5ms)
			EditorAssembliesLoaded (0ms)
		ExecutionOrderSort2 (0ms)
		AwakeInstancesAfterBackupRestoration (6ms)
Refreshing native plugins compatible for Editor in 1.54 ms, found 1 plugins.
Preloading 0 native plugins for Editor in 0.00 ms.
Unloading 3069 Unused Serialized files (Serialized files now loaded: 0)
Unloading 21 unused Assets / (29.2 KB). Loaded Objects now: 3605.
Memory consumption went from 139.5 MB to 139.4 MB.
Total: 1.937100 ms (FindLiveObjects: 0.169200 ms CreateObjectMapping: 0.068800 ms MarkObjects: 1.664700 ms  DeleteObjects: 0.033400 ms)

Prepare: number of updated asset objects reloaded= 0
AssetImportParameters requested are different than current active one (requested -> active):
  custom:container-demuxer-ogg: 62fdf1f143b41e24485cea50d1cbac27 -> 
  custom:video-codec-MediaFoundation-h265: 746d11721c4dcdbdad8f713fa42b33f4 -> 
  custom:video-decoder-ogg-theora: a1e56fd34408186e4bbccfd4996cb3dc -> 
  custom:framework-win-MediaFoundation: 216162199b28c13a410421893ffa2e32 -> 
  custom:CustomObjectIndexerAttribute: 756ad292c208cfabdd7b50bc23989ffe -> 
  custom:container-demuxer-webm: 4f35f7cbe854078d1ac9338744f61a02 -> 
  custom:container-muxer-webm: aa71ff27fc2769a1b78a27578f13a17b -> 
  custom:video-decoder-webm-vp8: 9c59270c3fd7afecdb556c50c9e8de78 -> 
  custom:SearchIndexIgnoredProperties: e643bd26f0fe6173181afceb89e7c659 -> 
  custom:AudioImporter_EditorPlatform: d09bf68614088b80899f8185d706f6e7 -> 
  custom:video-encoder-webm-vp8: eb34c28f22e8b96e1ab97ce403110664 -> 
  custom:audio-decoder-ogg-vorbis: bf7c407c2cedff20999df2af8eb42d56 -> 
  custom:audio-encoder-webm-vorbis: bf7c407c2cedff20999df2af8eb42d56 -> 
========================================================================
Received Import Request.
  Time since last request: 851.611307 seconds.
  path: Assets/PQAssets/Query-Chan-SD/Models/SD_QUERY_02/Textures/Tex_Face_Black_Anger.png
  artifactKey: Guid(1dd9fc9331e5b7549aaffb1795426236) Importer(815301076,1909f56bfc062723c751e8b465ee728b)
Start importing Assets/PQAssets/Query-Chan-SD/Models/SD_QUERY_02/Textures/Tex_Face_Black_Anger.png using Guid(1dd9fc9331e5b7549aaffb1795426236) Importer(815301076,1909f56bfc062723c751e8b465ee728b)  -> (artifact id: '3f373494e1b93ce45c95f6834a512099') in 0.070452 seconds
Number of updated asset objects reloaded before import = 0
Number of asset objects unloaded after import = 2
========================================================================
Received Import Request.
  Time since last request: 0.000018 seconds.
  path: Assets/PQAssets/Query-Chan-SD/Models/SD_QUERY_02/Textures/Tex_Face_Black_Sad.png
  artifactKey: Guid(cc93ec17b81e8ad4ea9a3fb923f6395b) Importer(815301076,1909f56bfc062723c751e8b465ee728b)
Start importing Assets/PQAssets/Query-Chan-SD/Models/SD_QUERY_02/Textures/Tex_Face_Black_Sad.png using Guid(cc93ec17b81e8ad4ea9a3fb923f6395b) Importer(815301076,1909f56bfc062723c751e8b465ee728b)  -> (artifact id: '2ae570d0d4e350b3cf646ba537b97cf8') in 0.018357 seconds
Number of updated asset objects reloaded before import = 0
Number of asset objects unloaded after import = 2
========================================================================
Received Import Request.
  Time since last request: 0.000048 seconds.
  path: Assets/PQAssets/Query-Chan-SD/Models/SD_QUERY_02/Textures/Tex_Face_Black_Smile.png
  artifactKey: Guid(32f8a04f0da4b7041a6780b2e5697ef2) Importer(815301076,1909f56bfc062723c751e8b465ee728b)
Start importing Assets/PQAssets/Query-Chan-SD/Models/SD_QUERY_02/Textures/Tex_Face_Black_Smile.png using Guid(32f8a04f0da4b7041a6780b2e5697ef2) Importer(815301076,1909f56bfc062723c751e8b465ee728b)  -> (artifact id: 'c27fa3c43586b8dbaa24b016fc8ce6cb') in 0.019660 seconds
Number of updated asset objects reloaded before import = 0
Number of asset objects unloaded after import = 2
Editor requested this worker to shutdown with reason: Scaling down because of idle timeout
TcpMessagingSession - receive error
AssetImportWorkerClient::OnTransportError - code=2 error=End of file
AssetImportWorker is now disconnected from the server
Process exiting
Exiting without the bug reporter. Application will terminate with return code 0